{"total": {"lines":{"total":1694,"covered":1568,"skipped":0,"pct":92.56},"statements":{"total":1694,"covered":1568,"skipped":0,"pct":92.56},"functions":{"total":159,"covered":141,"skipped":0,"pct":88.67},"branches":{"total":453,"covered":394,"skipped":0,"pct":86.97},"branchesTrue":{"total":0,"covered":0,"skipped":0,"pct":100}}
,"/home/vectoradmin/homelab/projects/geoturret2/src/index.ts": {"lines":{"total":1,"covered":0,"skipped":0,"pct":0},"functions":{"total":1,"covered":0,"skipped":0,"pct":0},"statements":{"total":1,"covered":0,"skipped":0,"pct":0},"branches":{"total":1,"covered":0,"skipped":0,"pct":0}}
,"/home/vectoradmin/homelab/projects/geoturret2/src/main.ts": {"lines":{"total":70,"covered":0,"skipped":0,"pct":0},"functions":{"total":1,"covered":0,"skipped":0,"pct":0},"statements":{"total":70,"covered":0,"skipped":0,"pct":0},"branches":{"total":1,"covered":0,"skipped":0,"pct":0}}
,"/home/vectoradmin/homelab/projects/geoturret2/src/content/initialContent.ts": {"lines":{"total":31,"covered":31,"skipped":0,"pct":100},"functions":{"total":0,"covered":0,"skipped":0,"pct":100},"statements":{"total":31,"covered":31,"skipped":0,"pct":100},"branches":{"total":0,"covered":0,"skipped":0,"pct":100}}
,"/home/vectoradmin/homelab/projects/geoturret2/src/content/registries.ts": {"lines":{"total":35,"covered":35,"skipped":0,"pct":100},"functions":{"total":9,"covered":9,"skipped":0,"pct":100},"statements":{"total":35,"covered":35,"skipped":0,"pct":100},"branches":{"total":11,"covered":10,"skipped":0,"pct":90.9}}
,"/home/vectoradmin/homelab/projects/geoturret2/src/content/patterns/futureConverge.ts": {"lines":{"total":62,"covered":62,"skipped":0,"pct":100},"functions":{"total":5,"covered":5,"skipped":0,"pct":100},"statements":{"total":62,"covered":62,"skipped":0,"pct":100},"branches":{"total":23,"covered":22,"skipped":0,"pct":95.65}}
,"/home/vectoradmin/homelab/projects/geoturret2/src/content/patterns/laserCross.ts": {"lines":{"total":37,"covered":37,"skipped":0,"pct":100},"functions":{"total":4,"covered":4,"skipped":0,"pct":100},"statements":{"total":37,"covered":37,"skipped":0,"pct":100},"branches":{"total":8,"covered":8,"skipped":0,"pct":100}}
,"/home/vectoradmin/homelab/projects/geoturret2/src/content/patterns/multiBeamIntersect.ts": {"lines":{"total":46,"covered":46,"skipped":0,"pct":100},"functions":{"total":4,"covered":4,"skipped":0,"pct":100},"statements":{"total":46,"covered":46,"skipped":0,"pct":100},"branches":{"total":11,"covered":11,"skipped":0,"pct":100}}
,"/home/vectoradmin/homelab/projects/geoturret2/src/content/patterns/safeLaneVolley.ts": {"lines":{"total":50,"covered":50,"skipped":0,"pct":100},"functions":{"total":4,"covered":4,"skipped":0,"pct":100},"statements":{"total":50,"covered":50,"skipped":0,"pct":100},"branches":{"total":16,"covered":15,"skipped":0,"pct":93.75}}
,"/home/vectoradmin/homelab/projects/geoturret2/src/devtools/errorBoundary.ts": {"lines":{"total":54,"covered":45,"skipped":0,"pct":83.33},"functions":{"total":8,"covered":5,"skipped":0,"pct":62.5},"statements":{"total":54,"covered":45,"skipped":0,"pct":83.33},"branches":{"total":9,"covered":8,"skipped":0,"pct":88.88}}
,"/home/vectoradmin/homelab/projects/geoturret2/src/devtools/replay.ts": {"lines":{"total":125,"covered":116,"skipped":0,"pct":92.8},"functions":{"total":4,"covered":4,"skipped":0,"pct":100},"statements":{"total":125,"covered":116,"skipped":0,"pct":92.8},"branches":{"total":23,"covered":12,"skipped":0,"pct":52.17}}
,"/home/vectoradmin/homelab/projects/geoturret2/src/engine/errorBoundary.ts": {"lines":{"total":20,"covered":14,"skipped":0,"pct":70},"functions":{"total":6,"covered":2,"skipped":0,"pct":33.33},"statements":{"total":20,"covered":14,"skipped":0,"pct":70},"branches":{"total":2,"covered":2,"skipped":0,"pct":100}}
,"/home/vectoradmin/homelab/projects/geoturret2/src/engine/eventBus.ts": {"lines":{"total":59,"covered":59,"skipped":0,"pct":100},"functions":{"total":5,"covered":5,"skipped":0,"pct":100},"statements":{"total":59,"covered":59,"skipped":0,"pct":100},"branches":{"total":12,"covered":11,"skipped":0,"pct":91.66}}
,"/home/vectoradmin/homelab/projects/geoturret2/src/engine/index.ts": {"lines":{"total":6,"covered":6,"skipped":0,"pct":100},"functions":{"total":0,"covered":0,"skipped":0,"pct":100},"statements":{"total":6,"covered":6,"skipped":0,"pct":100},"branches":{"total":0,"covered":0,"skipped":0,"pct":100}}
,"/home/vectoradmin/homelab/projects/geoturret2/src/engine/orchestrator.ts": {"lines":{"total":142,"covered":137,"skipped":0,"pct":96.47},"functions":{"total":14,"covered":13,"skipped":0,"pct":92.85},"statements":{"total":142,"covered":137,"skipped":0,"pct":96.47},"branches":{"total":30,"covered":28,"skipped":0,"pct":93.33}}
,"/home/vectoradmin/homelab/projects/geoturret2/src/engine/pool.ts": {"lines":{"total":44,"covered":39,"skipped":0,"pct":88.63},"functions":{"total":7,"covered":6,"skipped":0,"pct":85.71},"statements":{"total":44,"covered":39,"skipped":0,"pct":88.63},"branches":{"total":15,"covered":15,"skipped":0,"pct":100}}
,"/home/vectoradmin/homelab/projects/geoturret2/src/engine/rng.ts": {"lines":{"total":45,"covered":45,"skipped":0,"pct":100},"functions":{"total":7,"covered":7,"skipped":0,"pct":100},"statements":{"total":45,"covered":45,"skipped":0,"pct":100},"branches":{"total":14,"covered":10,"skipped":0,"pct":71.42}}
,"/home/vectoradmin/homelab/projects/geoturret2/src/state/gameState.ts": {"lines":{"total":48,"covered":48,"skipped":0,"pct":100},"functions":{"total":5,"covered":5,"skipped":0,"pct":100},"statements":{"total":48,"covered":48,"skipped":0,"pct":100},"branches":{"total":5,"covered":5,"skipped":0,"pct":100}}
,"/home/vectoradmin/homelab/projects/geoturret2/src/state/serialization.ts": {"lines":{"total":119,"covered":119,"skipped":0,"pct":100},"functions":{"total":6,"covered":6,"skipped":0,"pct":100},"statements":{"total":119,"covered":119,"skipped":0,"pct":100},"branches":{"total":49,"covered":48,"skipped":0,"pct":97.95}}
,"/home/vectoradmin/homelab/projects/geoturret2/src/systems/bossSystem.ts": {"lines":{"total":84,"covered":82,"skipped":0,"pct":97.61},"functions":{"total":10,"covered":9,"skipped":0,"pct":90},"statements":{"total":84,"covered":82,"skipped":0,"pct":97.61},"branches":{"total":27,"covered":23,"skipped":0,"pct":85.18}}
,"/home/vectoradmin/homelab/projects/geoturret2/src/systems/bulletSystem.ts": {"lines":{"total":29,"covered":29,"skipped":0,"pct":100},"functions":{"total":2,"covered":2,"skipped":0,"pct":100},"statements":{"total":29,"covered":29,"skipped":0,"pct":100},"branches":{"total":7,"covered":6,"skipped":0,"pct":85.71}}
,"/home/vectoradmin/homelab/projects/geoturret2/src/systems/cameraSystem.ts": {"lines":{"total":84,"covered":76,"skipped":0,"pct":90.47},"functions":{"total":4,"covered":2,"skipped":0,"pct":50},"statements":{"total":84,"covered":76,"skipped":0,"pct":90.47},"branches":{"total":20,"covered":17,"skipped":0,"pct":85}}
,"/home/vectoradmin/homelab/projects/geoturret2/src/systems/collisionSystem.ts": {"lines":{"total":29,"covered":29,"skipped":0,"pct":100},"functions":{"total":2,"covered":2,"skipped":0,"pct":100},"statements":{"total":29,"covered":29,"skipped":0,"pct":100},"branches":{"total":14,"covered":14,"skipped":0,"pct":100}}
,"/home/vectoradmin/homelab/projects/geoturret2/src/systems/enemySystem.ts": {"lines":{"total":31,"covered":31,"skipped":0,"pct":100},"functions":{"total":2,"covered":2,"skipped":0,"pct":100},"statements":{"total":31,"covered":31,"skipped":0,"pct":100},"branches":{"total":7,"covered":7,"skipped":0,"pct":100}}
,"/home/vectoradmin/homelab/projects/geoturret2/src/systems/grazeSystem.ts": {"lines":{"total":29,"covered":29,"skipped":0,"pct":100},"functions":{"total":2,"covered":2,"skipped":0,"pct":100},"statements":{"total":29,"covered":29,"skipped":0,"pct":100},"branches":{"total":9,"covered":7,"skipped":0,"pct":77.77}}
,"/home/vectoradmin/homelab/projects/geoturret2/src/systems/inputSystem.ts": {"lines":{"total":34,"covered":31,"skipped":0,"pct":91.17},"functions":{"total":6,"covered":4,"skipped":0,"pct":66.66},"statements":{"total":34,"covered":31,"skipped":0,"pct":91.17},"branches":{"total":10,"covered":4,"skipped":0,"pct":40}}
,"/home/vectoradmin/homelab/projects/geoturret2/src/systems/overdriveSystem.ts": {"lines":{"total":42,"covered":42,"skipped":0,"pct":100},"functions":{"total":4,"covered":4,"skipped":0,"pct":100},"statements":{"total":42,"covered":42,"skipped":0,"pct":100},"branches":{"total":18,"covered":18,"skipped":0,"pct":100}}
,"/home/vectoradmin/homelab/projects/geoturret2/src/systems/parallaxSystem.ts": {"lines":{"total":87,"covered":79,"skipped":0,"pct":90.8},"functions":{"total":11,"covered":10,"skipped":0,"pct":90.9},"statements":{"total":87,"covered":79,"skipped":0,"pct":90.8},"branches":{"total":33,"covered":23,"skipped":0,"pct":69.69}}
,"/home/vectoradmin/homelab/projects/geoturret2/src/systems/playerSystem.ts": {"lines":{"total":17,"covered":17,"skipped":0,"pct":100},"functions":{"total":3,"covered":3,"skipped":0,"pct":100},"statements":{"total":17,"covered":17,"skipped":0,"pct":100},"branches":{"total":3,"covered":3,"skipped":0,"pct":100}}
,"/home/vectoradmin/homelab/projects/geoturret2/src/systems/randomCounterSystem.ts": {"lines":{"total":27,"covered":27,"skipped":0,"pct":100},"functions":{"total":4,"covered":3,"skipped":0,"pct":75},"statements":{"total":27,"covered":27,"skipped":0,"pct":100},"branches":{"total":3,"covered":3,"skipped":0,"pct":100}}
,"/home/vectoradmin/homelab/projects/geoturret2/src/systems/renderSystem.ts": {"lines":{"total":72,"covered":72,"skipped":0,"pct":100},"functions":{"total":7,"covered":7,"skipped":0,"pct":100},"statements":{"total":72,"covered":72,"skipped":0,"pct":100},"branches":{"total":25,"covered":18,"skipped":0,"pct":72}}
,"/home/vectoradmin/homelab/projects/geoturret2/src/systems/waveSystem.ts": {"lines":{"total":24,"covered":24,"skipped":0,"pct":100},"functions":{"total":2,"covered":2,"skipped":0,"pct":100},"statements":{"total":24,"covered":24,"skipped":0,"pct":100},"branches":{"total":3,"covered":3,"skipped":0,"pct":100}}
,"/home/vectoradmin/homelab/projects/geoturret2/src/testUtils/poolHarness.ts": {"lines":{"total":111,"covered":111,"skipped":0,"pct":100},"functions":{"total":10,"covered":10,"skipped":0,"pct":100},"statements":{"total":111,"covered":111,"skipped":0,"pct":100},"branches":{"total":44,"covered":43,"skipped":0,"pct":97.72}}
}
