TN:
SF:src/index.ts
FN:1,(empty-report)
FNF:1
FNH:0
FNDA:0,(empty-report)
DA:1,0
LF:1
LH:0
BRDA:1,0,0,0
BRF:1
BRH:0
end_of_record
TN:
SF:src/main.ts
FN:1,(empty-report)
FNF:1
FNH:0
FNDA:0,(empty-report)
DA:1,0
DA:2,0
DA:3,0
DA:4,0
DA:5,0
DA:6,0
DA:7,0
DA:8,0
DA:9,0
DA:10,0
DA:11,0
DA:12,0
DA:13,0
DA:14,0
DA:15,0
DA:16,0
DA:17,0
DA:18,0
DA:19,0
DA:20,0
DA:21,0
DA:22,0
DA:23,0
DA:24,0
DA:25,0
DA:26,0
DA:27,0
DA:28,0
DA:29,0
DA:30,0
DA:31,0
DA:32,0
DA:33,0
DA:34,0
DA:35,0
DA:36,0
DA:37,0
DA:38,0
DA:39,0
DA:40,0
DA:41,0
DA:42,0
DA:43,0
DA:44,0
DA:45,0
DA:46,0
DA:47,0
DA:48,0
DA:49,0
DA:50,0
DA:51,0
DA:52,0
DA:53,0
DA:54,0
DA:55,0
DA:56,0
DA:57,0
DA:58,0
DA:59,0
DA:60,0
DA:61,0
DA:62,0
DA:63,0
DA:64,0
DA:65,0
DA:66,0
DA:67,0
LF:67
LH:0
BRDA:1,0,0,0
BRF:1
BRH:0
end_of_record
TN:
SF:src/content/initialContent.ts
FNF:0
FNH:0
DA:1,1
DA:2,1
DA:3,1
DA:4,1
DA:5,1
DA:6,1
DA:7,1
DA:8,1
DA:9,1
DA:10,1
DA:11,1
DA:12,1
DA:13,1
DA:14,1
DA:15,1
DA:16,1
DA:17,1
DA:18,1
DA:19,1
DA:20,1
DA:21,1
DA:22,1
DA:23,1
DA:24,1
DA:25,1
DA:26,1
DA:27,1
DA:28,1
DA:29,1
DA:30,1
LF:30
LH:30
BRF:0
BRH:0
end_of_record
TN:
SF:src/content/registries.ts
FN:14,ensureUnique
FN:20,enemy
FN:21,powerup
FN:22,upgrade
FN:23,waveMod
FN:24,bossPattern
FN:25,snapshot
FN:27,hash
FN:28,collect
FNF:9
FNH:9
FNDA:119,ensureUnique
FNDA:29,enemy
FNDA:18,powerup
FNDA:27,upgrade
FNDA:18,waveMod
FNDA:27,bossPattern
FNDA:26,snapshot
FNDA:27,hash
FNDA:135,collect
DA:1,1
DA:2,1
DA:3,1
DA:4,1
DA:5,1
DA:6,1
DA:7,1
DA:8,1
DA:9,1
DA:10,1
DA:11,1
DA:12,1
DA:13,1
DA:14,119
DA:15,119
DA:16,119
DA:17,119
DA:18,1
DA:19,1
DA:20,1
DA:21,1
DA:22,1
DA:23,1
DA:24,1
DA:25,1
DA:26,1
DA:27,1
DA:28,27
DA:29,27
DA:30,27
DA:31,27
DA:32,27
DA:33,27
DA:34,27
DA:35,1
LF:35
LH:35
BRDA:14,0,0,119
BRDA:15,1,0,0
BRDA:20,2,0,29
BRDA:21,3,0,18
BRDA:22,4,0,27
BRDA:23,5,0,18
BRDA:24,6,0,27
BRDA:25,7,0,26
BRDA:27,8,0,27
BRDA:31,9,0,3243
BRDA:28,10,0,135
BRF:11
BRH:10
end_of_record
TN:
SF:src/devtools/errorBoundary.ts
FN:25,push
FN:30,installErrorBoundary
FN:43,logError
FN:47,getErrors
FN:48,clearErrors
FN:49,size
FN:53,getLoggedErrors
FN:54,clearLoggedErrors
FNF:8
FNH:5
FNDA:13,push
FNDA:2,installErrorBoundary
FNDA:13,logError
FNDA:0,getErrors
FNDA:0,clearErrors
FNDA:0,size
FNDA:3,getLoggedErrors
FNDA:3,clearLoggedErrors
DA:1,1
DA:2,1
DA:3,1
DA:4,1
DA:5,1
DA:6,1
DA:7,1
DA:8,1
DA:9,1
DA:10,1
DA:11,1
DA:12,1
DA:13,1
DA:14,1
DA:15,1
DA:16,1
DA:17,1
DA:18,1
DA:19,1
DA:20,1
DA:21,1
DA:22,1
DA:23,1
DA:24,1
DA:25,13
DA:26,13
DA:27,13
DA:28,13
DA:29,1
DA:30,1
DA:31,2
DA:32,2
DA:33,0
DA:34,0
DA:35,0
DA:36,0
DA:37,0
DA:38,0
DA:39,0
DA:40,0
DA:41,0
DA:42,2
DA:43,2
DA:44,13
DA:45,1
DA:46,13
DA:47,2
DA:48,2
DA:49,2
DA:50,2
DA:51,2
DA:52,1
DA:53,1
DA:54,1
LF:54
LH:45
BRDA:25,0,0,13
BRDA:27,1,0,7
BRDA:30,2,0,2
BRDA:32,3,0,0
BRDA:43,4,0,13
BRDA:44,5,0,12
BRDA:44,6,0,1
BRDA:53,7,0,3
BRDA:54,8,0,3
BRF:9
BRH:8
end_of_record
TN:
SF:src/devtools/replay.ts
FN:23,recordRun
FN:26,summarySource
FN:55,replayRun
FN:57,summarySource
FNF:4
FNH:4
FNDA:5,recordRun
FNDA:5,summarySource
FNDA:2,replayRun
FNDA:2,summarySource
DA:1,1
DA:2,1
DA:3,1
DA:4,1
DA:5,1
DA:6,1
DA:7,1
DA:8,1
DA:9,1
DA:10,1
DA:11,1
DA:12,1
DA:13,1
DA:14,1
DA:15,1
DA:16,1
DA:17,1
DA:18,1
DA:19,1
DA:20,1
DA:21,1
DA:22,1
DA:23,1
DA:24,5
DA:25,5
DA:26,5
DA:27,5
DA:28,5
DA:29,5
DA:30,5
DA:31,5
DA:32,5
DA:33,5
DA:34,5
DA:35,1
DA:36,1
DA:37,1
DA:38,1
DA:39,1
DA:40,1
DA:41,1
DA:42,1
DA:43,5
DA:44,5
DA:45,5
DA:46,5
DA:47,1
DA:48,1
DA:49,1
DA:50,1
DA:51,1
DA:52,1
DA:53,1
DA:54,1
DA:55,1
DA:56,2
DA:57,2
DA:58,2
DA:59,2
DA:60,2
DA:61,2
DA:62,2
DA:63,2
DA:64,2
DA:65,0
DA:66,0
DA:67,2
DA:68,2
DA:69,2
DA:70,2
DA:71,2
DA:72,2
DA:73,2
DA:74,2
DA:75,2
DA:76,2
DA:77,2
DA:78,2
LF:78
LH:76
BRDA:23,0,0,5
BRDA:32,1,0,1
BRDA:34,2,0,1
BRDA:34,3,0,1
BRDA:26,4,0,5
BRDA:26,5,0,0
BRDA:26,6,0,2
BRDA:55,7,0,2
BRDA:64,8,0,0
BRDA:71,9,0,0
BRDA:72,10,0,0
BRDA:73,11,0,0
BRDA:74,12,0,0
BRDA:75,13,0,1
BRDA:76,14,0,0
BRDA:57,15,0,2
BRDA:57,16,0,0
BRF:17
BRH:9
end_of_record
TN:
SF:src/engine/errorBoundary.ts
FN:4,<instance_members_initializer>
FN:6,ErrorRingBuffer
FN:7,push
FN:12,list
FN:13,clear
FN:18,safe
FNF:6
FNH:2
FNDA:26,<instance_members_initializer>
FNDA:26,ErrorRingBuffer
FNDA:0,push
FNDA:0,list
FNDA:0,clear
FNDA:0,safe
DA:1,1
DA:2,1
DA:3,1
DA:4,1
DA:5,26
DA:6,26
DA:7,26
DA:8,0
DA:9,0
DA:10,0
DA:11,0
DA:12,26
DA:13,26
DA:14,26
DA:15,1
DA:16,1
DA:17,1
DA:18,1
DA:19,0
DA:20,0
LF:20
LH:14
BRDA:4,0,0,26
BRDA:6,1,0,26
BRF:2
BRH:2
end_of_record
TN:
SF:src/engine/eventBus.ts
FN:18,<instance_members_initializer>
FN:24,on
FN:33,off
FN:43,emit
FN:49,clear
FNF:5
FNH:5
FNDA:27,<instance_members_initializer>
FNDA:6,on
FNDA:5,off
FNDA:8991,emit
FNDA:1,clear
DA:1,1
DA:2,1
DA:3,1
DA:4,1
DA:5,1
DA:6,1
DA:7,1
DA:8,1
DA:9,1
DA:10,1
DA:11,1
DA:12,1
DA:13,1
DA:14,1
DA:15,1
DA:16,1
DA:17,1
DA:18,1
DA:19,27
DA:20,27
DA:21,27
DA:22,27
DA:23,27
DA:24,27
DA:25,6
DA:26,6
DA:27,6
DA:28,6
DA:29,6
DA:30,27
DA:31,27
DA:32,27
DA:33,27
DA:34,5
DA:35,5
DA:36,5
DA:37,5
DA:38,5
DA:39,5
DA:40,27
DA:41,27
DA:42,27
DA:43,27
DA:44,8991
DA:45,8991
DA:46,6
DA:47,8991
DA:48,27
DA:49,27
DA:50,27
DA:51,1
DA:52,1
DA:53,1
DA:54,1
DA:55,1
LF:55
LH:55
BRDA:18,0,0,27
BRDA:24,1,0,6
BRDA:28,2,0,5
BRDA:33,3,0,5
BRDA:43,4,0,8991
BRDA:45,5,0,8989
BRDA:45,6,0,8985
BRDA:45,7,0,6
BRDA:46,8,0,6
BRDA:46,9,0,0
BRDA:49,10,0,1
BRF:11
BRH:10
end_of_record
TN:
SF:src/engine/index.ts
FNF:0
FNH:0
DA:1,1
DA:2,1
DA:3,1
DA:4,1
DA:5,1
DA:6,1
LF:6
LH:6
BRF:0
BRH:0
end_of_record
TN:
SF:src/engine/orchestrator.ts
FN:37,<instance_members_initializer>
FN:48,GameOrchestrator
FN:56,register
FN:62,sortSystems
FN:66,init
FN:74,advance
FN:85,tick
FN:103,buildContext
FN:113,teardown
FN:119,getMetrics
FN:123,getStep
FN:125,enableProfiler
FN:128,snapshot
FN:135,restore
FNF:14
FNH:13
FNDA:58,<instance_members_initializer>
FNDA:58,GameOrchestrator
FNDA:128,register
FNDA:128,sortSystems
FNDA:56,init
FNDA:2476,advance
FNDA:8742,tick
FNDA:8798,buildContext
FNDA:0,teardown
FNDA:35,getMetrics
FNDA:2025,getStep
FNDA:6,enableProfiler
FNDA:22,snapshot
FNDA:2,restore
DA:1,1
DA:2,1
DA:3,1
DA:4,1
DA:5,1
DA:6,1
DA:7,1
DA:8,1
DA:9,1
DA:10,1
DA:11,1
DA:12,1
DA:13,1
DA:14,1
DA:15,1
DA:16,1
DA:17,1
DA:18,1
DA:19,1
DA:20,1
DA:21,1
DA:22,1
DA:23,1
DA:24,1
DA:25,1
DA:26,1
DA:27,1
DA:28,1
DA:29,1
DA:30,1
DA:31,1
DA:32,1
DA:33,1
DA:34,1
DA:35,1
DA:36,1
DA:37,1
DA:38,58
DA:39,58
DA:40,58
DA:41,58
DA:42,58
DA:43,58
DA:44,58
DA:45,58
DA:46,58
DA:47,58
DA:48,58
DA:49,58
DA:50,58
DA:51,55
DA:52,0
DA:53,58
DA:54,58
DA:55,58
DA:56,58
DA:57,128
DA:58,128
DA:59,128
DA:60,128
DA:61,58
DA:62,58
DA:63,128
DA:64,128
DA:65,58
DA:66,58
DA:67,56
DA:68,56
DA:69,56
DA:70,58
DA:71,58
DA:72,58
DA:73,58
DA:74,58
DA:75,2476
DA:76,2476
DA:77,2476
DA:78,8742
DA:79,8742
DA:80,8742
DA:81,8742
DA:82,2476
DA:83,2476
DA:84,58
DA:85,58
DA:86,8742
DA:87,8742
DA:88,201
DA:89,201
DA:90,589
DA:91,589
DA:92,589
DA:93,589
DA:94,201
DA:95,8742
DA:96,8541
DA:97,8541
DA:98,8742
DA:99,8742
DA:100,8742
DA:101,8742
DA:102,58
DA:103,58
DA:104,8798
DA:105,8798
DA:106,8798
DA:107,8798
DA:108,8798
DA:109,8798
DA:110,8798
DA:111,8798
DA:112,58
DA:113,58
DA:114,0
DA:115,0
DA:116,0
DA:117,0
DA:118,58
DA:119,58
DA:120,35
DA:121,35
DA:122,58
DA:123,58
DA:124,58
DA:125,58
DA:126,58
DA:127,58
DA:128,58
DA:129,22
DA:130,22
DA:131,22
DA:132,22
DA:133,58
DA:134,58
DA:135,58
DA:136,2
DA:137,2
DA:138,2
DA:139,2
DA:140,2
DA:141,2
DA:142,58
LF:142
LH:137
BRDA:37,0,0,58
BRDA:48,1,0,58
BRDA:49,2,0,1
BRDA:50,3,0,3
BRDA:50,4,0,55
BRDA:51,5,0,0
BRDA:56,6,0,128
BRDA:57,7,0,0
BRDA:57,8,0,170
BRDA:62,9,0,128
BRDA:63,10,0,170
BRDA:63,11,0,1
BRDA:63,12,0,1
BRDA:66,13,0,56
BRDA:68,14,0,121
BRDA:68,15,0,22
BRDA:74,16,0,2476
BRDA:77,17,0,8742
BRDA:85,18,0,8742
BRDA:87,19,0,201
BRDA:89,20,0,589
BRDA:95,21,0,8541
BRDA:96,22,0,32582
BRDA:103,23,0,8798
BRDA:119,24,0,35
BRDA:123,25,0,2025
BRDA:125,26,0,6
BRDA:128,27,0,22
BRDA:129,28,0,15
BRDA:135,29,0,2
BRF:30
BRH:28
end_of_record
TN:
SF:src/engine/pool.ts
FN:18,<instance_members_initializer>
FN:23,Pool
FN:27,make
FN:28,acquire
FN:33,release
FN:37,stats
FN:38,preallocate
FNF:7
FNH:6
FNDA:87,<instance_members_initializer>
FNDA:87,Pool
FNDA:3779,make
FNDA:635,acquire
FNDA:174,release
FNDA:9,stats
FNDA:0,preallocate
DA:1,1
DA:2,1
DA:3,1
DA:4,1
DA:5,1
DA:6,1
DA:7,1
DA:8,1
DA:9,1
DA:10,1
DA:11,1
DA:12,1
DA:13,1
DA:14,1
DA:15,1
DA:16,1
DA:17,1
DA:18,1
DA:19,87
DA:20,87
DA:21,87
DA:22,87
DA:23,87
DA:24,87
DA:25,87
DA:26,87
DA:27,87
DA:28,87
DA:29,635
DA:30,635
DA:31,5
DA:32,635
DA:33,87
DA:34,174
DA:35,174
DA:36,174
DA:37,87
DA:38,87
DA:39,0
DA:40,0
DA:41,0
DA:42,0
DA:43,0
DA:44,87
LF:44
LH:39
BRDA:18,0,0,87
BRDA:23,1,0,87
BRDA:25,2,0,3774
BRDA:27,3,0,3779
BRDA:28,4,0,635
BRDA:29,5,0,596
BRDA:29,6,0,39
BRDA:30,7,0,47
BRDA:30,8,0,34
BRDA:30,9,0,5
BRDA:33,10,0,174
BRDA:34,11,0,172
BRDA:37,12,0,9
BRF:13
BRH:13
end_of_record
TN:
SF:src/engine/rng.ts
FN:6,<instance_members_initializer>
FN:8,RNG
FN:22,next
FN:28,int
FN:34,choice
FN:39,snapshot
FN:41,restore
FNF:7
FNH:7
FNDA:92,<instance_members_initializer>
FNDA:92,RNG
FNDA:1780,next
FNDA:1356,int
FNDA:50,choice
FNDA:23,snapshot
FNDA:2,restore
DA:1,1
DA:2,1
DA:3,1
DA:4,1
DA:5,1
DA:6,1
DA:7,92
DA:8,92
DA:9,92
DA:10,82
DA:11,82
DA:12,82
DA:13,939
DA:14,939
DA:15,82
DA:16,92
DA:17,10
DA:18,10
DA:19,92
DA:20,92
DA:21,92
DA:22,92
DA:23,1780
DA:24,1780
DA:25,1780
DA:26,1780
DA:27,92
DA:28,92
DA:29,1356
DA:30,1356
DA:31,1356
DA:32,1356
DA:33,92
DA:34,92
DA:35,50
DA:36,50
DA:37,50
DA:38,92
DA:39,92
DA:40,92
DA:41,92
DA:42,92
DA:43,1
DA:44,1
DA:45,1
LF:45
LH:45
BRDA:6,0,0,92
BRDA:8,1,0,92
BRDA:9,2,0,82
BRDA:12,3,0,939
BRDA:16,4,0,10
BRDA:19,5,0,0
BRDA:22,6,0,1780
BRDA:28,7,0,1356
BRDA:29,8,0,0
BRDA:34,9,0,50
BRDA:35,10,0,0
BRDA:39,11,0,23
BRDA:41,12,0,2
BRDA:41,13,0,0
BRF:14
BRH:10
end_of_record
TN:
SF:src/state/gameState.ts
FN:29,createGameState
FN:32,create
FN:33,reset
FN:37,create
FN:38,reset
FNF:5
FNH:5
FNDA:39,createGameState
FNDA:1248,create
FNDA:30,reset
FNDA:2496,create
FNDA:138,reset
DA:1,1
DA:2,1
DA:3,1
DA:4,1
DA:5,1
DA:6,1
DA:7,1
DA:8,1
DA:9,1
DA:10,1
DA:11,1
DA:12,1
DA:13,1
DA:14,1
DA:15,1
DA:16,1
DA:17,1
DA:18,1
DA:19,1
DA:20,1
DA:21,1
DA:22,1
DA:23,1
DA:24,1
DA:25,1
DA:26,1
DA:27,1
DA:28,1
DA:29,1
DA:30,39
DA:31,39
DA:32,39
DA:33,39
DA:34,39
DA:35,39
DA:36,39
DA:37,39
DA:38,39
DA:39,39
DA:40,39
DA:41,39
LF:41
LH:41
BRDA:29,0,0,39
BRDA:32,1,0,1248
BRDA:33,2,0,30
BRDA:37,3,0,2496
BRDA:38,4,0,138
BRF:5
BRH:5
end_of_record
TN:
SF:src/state/serialization.ts
FN:21,createSnapshot
FN:38,validateSnapshotRegistries
FN:43,applySnapshotSummary
FN:61,createOrchestratorFromSnapshot
FNF:4
FNH:4
FNDA:23,createSnapshot
FNDA:1,validateSnapshotRegistries
FNDA:1,applySnapshotSummary
FNDA:2,createOrchestratorFromSnapshot
DA:1,1
DA:2,1
DA:3,1
DA:4,1
DA:5,1
DA:6,1
DA:7,1
DA:8,1
DA:9,1
DA:10,1
DA:11,1
DA:12,1
DA:13,1
DA:14,1
DA:15,1
DA:16,1
DA:17,1
DA:18,1
DA:19,1
DA:20,1
DA:21,1
DA:22,23
DA:23,23
DA:24,23
DA:25,23
DA:26,23
DA:27,23
DA:28,23
DA:29,23
DA:30,23
DA:31,23
DA:32,23
DA:33,23
DA:34,23
DA:35,23
DA:36,1
DA:37,1
DA:38,1
DA:39,1
DA:40,1
DA:41,1
DA:42,1
DA:43,1
DA:44,1
DA:45,1
DA:46,1
DA:47,1
DA:48,1
DA:49,1
DA:50,1
DA:51,1
DA:52,1
DA:53,1
DA:54,1
DA:55,1
DA:56,1
DA:57,1
DA:58,1
DA:59,1
DA:60,1
DA:61,1
DA:62,2
DA:63,1
DA:64,1
DA:65,2
DA:66,2
DA:67,2
DA:68,2
DA:69,2
DA:70,2
DA:71,2
DA:72,2
LF:72
LH:72
BRDA:21,0,0,23
BRDA:22,1,0,0
BRDA:23,2,0,16
BRDA:23,3,0,7
BRDA:24,4,0,16
BRDA:24,5,0,7
BRDA:25,6,0,16
BRDA:38,7,0,1
BRDA:43,8,0,1
BRDA:61,9,0,2
BRDA:62,10,0,1
BRDA:62,11,0,1
BRDA:68,12,0,1
BRDA:68,13,0,1
BRF:14
BRH:13
end_of_record
TN:
SF:src/systems/bulletSystem.ts
FN:5,createBulletSystem
FN:8,update
FNF:2
FNH:2
FNDA:17,createBulletSystem
FNDA:5757,update
DA:1,1
DA:2,1
DA:3,1
DA:4,1
DA:5,1
DA:6,17
DA:7,17
DA:8,17
DA:9,5757
DA:10,5757
DA:11,5757
DA:12,465
DA:13,465
DA:14,465
DA:15,465
DA:16,465
DA:17,465
DA:18,465
DA:19,465
DA:20,465
DA:21,465
DA:22,465
DA:23,465
DA:24,5757
DA:25,5757
DA:26,5757
DA:27,17
DA:28,17
LF:28
LH:28
BRDA:5,0,0,17
BRDA:8,1,0,5757
BRDA:11,2,0,465
BRDA:14,3,0,0
BRDA:25,4,0,79528
BRDA:25,5,0,74591
BRF:6
BRH:5
end_of_record
TN:
SF:src/systems/cameraSystem.ts
FN:6,createCameraSystem
FN:17,window.cameraShake
FN:23,window.cameraZoomTo
FN:30,update
FNF:4
FNH:2
FNDA:8,createCameraSystem
FNDA:0,window.cameraShake
FNDA:0,window.cameraZoomTo
FNDA:557,update
DA:1,1
DA:2,1
DA:3,1
DA:4,1
DA:5,1
DA:6,1
DA:7,8
DA:8,8
DA:9,8
DA:10,8
DA:11,8
DA:12,8
DA:13,8
DA:14,8
DA:15,8
DA:16,8
DA:17,0
DA:18,0
DA:19,0
DA:20,0
DA:21,0
DA:22,0
DA:23,0
DA:24,0
DA:25,8
DA:26,8
DA:27,8
DA:28,8
DA:29,8
DA:30,8
DA:31,557
DA:32,557
DA:33,557
DA:34,557
DA:35,557
DA:36,557
DA:37,557
DA:38,40
DA:39,40
DA:40,40
DA:41,40
DA:42,40
DA:43,40
DA:44,40
DA:45,40
DA:46,557
DA:47,557
DA:48,557
DA:49,557
DA:50,557
DA:51,557
DA:52,557
DA:53,557
DA:54,557
DA:55,200
DA:56,200
DA:57,557
DA:58,120
DA:59,120
DA:60,120
DA:61,120
DA:62,557
DA:63,557
DA:64,557
DA:65,557
DA:66,557
DA:67,557
DA:68,557
DA:69,31
DA:70,31
DA:71,31
DA:72,31
DA:73,31
DA:74,31
DA:75,31
DA:76,31
DA:77,557
DA:78,526
DA:79,526
DA:80,557
DA:81,557
DA:82,557
DA:83,8
DA:84,8
LF:84
LH:76
BRDA:6,0,0,8
BRDA:7,1,0,0
BRDA:8,2,0,7
BRDA:9,3,0,7
BRDA:10,4,0,7
BRDA:11,5,0,7
BRDA:13,6,0,7
BRDA:16,7,0,0
BRDA:30,8,0,557
BRDA:37,9,0,40
BRDA:37,10,0,40
BRDA:43,11,0,10
BRDA:43,12,0,0
BRDA:47,13,0,52
BRDA:48,14,0,182
BRDA:54,15,0,200
BRDA:57,16,0,357
BRDA:57,17,0,120
BRDA:68,18,0,31
BRDA:77,19,0,526
BRF:20
BRH:17
end_of_record
TN:
SF:src/systems/collisionSystem.ts
FN:4,createCollisionSystem
FN:7,update
FNF:2
FNH:2
FNDA:18,createCollisionSystem
FNDA:5937,update
DA:1,1
DA:2,1
DA:3,1
DA:4,1
DA:5,18
DA:6,18
DA:7,18
DA:8,5937
DA:9,74591
DA:10,273391
DA:11,273391
DA:12,59
DA:13,59
DA:14,273391
DA:15,74591
DA:16,5937
DA:17,5937
DA:18,3467
DA:19,6955
DA:20,6955
DA:21,6955
DA:22,3467
DA:23,27946
DA:24,27946
DA:25,27946
DA:26,3467
DA:27,5937
DA:28,18
DA:29,18
LF:29
LH:29
BRDA:4,0,0,18
BRDA:7,1,0,5937
BRDA:8,2,0,79528
BRDA:8,3,0,74591
BRDA:9,4,0,374190
BRDA:9,5,0,273391
BRDA:11,6,0,59
BRDA:17,7,0,3467
BRDA:18,8,0,6955
BRDA:20,9,0,32
BRDA:22,10,0,27946
BRDA:24,11,0,27914
BRDA:24,12,0,27838
BRDA:24,13,0,140
BRF:14
BRH:14
end_of_record
TN:
SF:src/systems/enemySystem.ts
FN:4,createEnemySystem
FN:7,update
FNF:2
FNH:2
FNDA:18,createEnemySystem
FNDA:7500,update
DA:1,1
DA:2,1
DA:3,1
DA:4,1
DA:5,18
DA:6,18
DA:7,18
DA:8,7500
DA:9,7500
DA:10,7500
DA:11,7500
DA:12,162
DA:13,162
DA:14,162
DA:15,129
DA:16,129
DA:17,129
DA:18,129
DA:19,129
DA:20,129
DA:21,129
DA:22,129
DA:23,129
DA:24,129
DA:25,129
DA:26,129
DA:27,7500
DA:28,7500
DA:29,7500
DA:30,18
DA:31,18
LF:31
LH:31
BRDA:4,0,0,18
BRDA:7,1,0,7500
BRDA:11,2,0,162
BRDA:14,3,0,33
BRDA:14,4,0,129
BRDA:28,5,0,24246
BRDA:28,6,0,19309
BRF:7
BRH:7
end_of_record
TN:
SF:src/systems/inputSystem.ts
FN:6,createInputSystem
FN:8,onDown
FN:9,onUp
FN:12,init
FN:16,update
FN:29,teardown
FNF:6
FNH:4
FNDA:2,createInputSystem
FNDA:2,onDown
FNDA:0,onUp
FNDA:1,init
FNDA:1,update
FNDA:0,teardown
DA:1,1
DA:2,1
DA:3,1
DA:4,1
DA:5,1
DA:6,1
DA:7,2
DA:8,2
DA:9,2
DA:10,2
DA:11,2
DA:12,2
DA:13,1
DA:14,1
DA:15,1
DA:16,2
DA:17,1
DA:18,1
DA:19,1
DA:20,1
DA:21,1
DA:22,1
DA:23,1
DA:24,1
DA:25,1
DA:26,1
DA:27,1
DA:28,1
DA:29,2
DA:30,0
DA:31,0
DA:32,0
DA:33,2
DA:34,2
LF:34
LH:31
BRDA:6,0,0,2
BRDA:8,1,0,2
BRDA:12,2,0,1
BRDA:16,3,0,1
BRDA:18,4,0,0
BRDA:19,5,0,0
BRDA:20,6,0,0
BRDA:21,7,0,0
BRDA:22,8,0,0
BRDA:23,9,0,0
BRF:10
BRH:4
end_of_record
TN:
SF:src/systems/parallaxSystem.ts
FN:10,createParallaxSystem
FN:16,validate
FN:19,sanitize
FN:26,persist
FN:39,window.parallaxSetLayers
FN:42,window.parallaxAddLayer
FN:45,window.parallaxRemoveLayer
FN:48,window.parallaxUpdateLayer
FN:54,window.parallaxListLayers
FN:55,window.parallaxSerializeLayers
FN:83,update
FNF:11
FNH:10
FNDA:4,createParallaxSystem
FNDA:3,validate
FNDA:3,sanitize
FNDA:4,persist
FNDA:0,window.parallaxSetLayers
FNDA:1,window.parallaxAddLayer
FNDA:1,window.parallaxRemoveLayer
FNDA:1,window.parallaxUpdateLayer
FNDA:1,window.parallaxListLayers
FNDA:1,window.parallaxSerializeLayers
FNDA:363,update
DA:1,1
DA:2,1
DA:3,1
DA:4,1
DA:5,1
DA:6,1
DA:7,1
DA:8,1
DA:9,1
DA:10,1
DA:11,4
DA:12,2
DA:13,2
DA:14,2
DA:15,4
DA:16,2
DA:17,3
DA:18,3
DA:19,2
DA:20,3
DA:21,3
DA:22,3
DA:23,3
DA:24,3
DA:25,3
DA:26,2
DA:27,4
DA:28,4
DA:29,4
DA:30,4
DA:31,4
DA:32,4
DA:33,4
DA:34,4
DA:35,4
DA:36,4
DA:37,4
DA:38,4
DA:39,2
DA:40,0
DA:41,0
DA:42,2
DA:43,1
DA:44,1
DA:45,2
DA:46,1
DA:47,1
DA:48,2
DA:49,1
DA:50,1
DA:51,1
DA:52,0
DA:53,1
DA:54,2
DA:55,2
DA:56,2
DA:57,2
DA:58,2
DA:59,2
DA:60,2
DA:61,2
DA:62,1
DA:63,1
DA:64,1
DA:65,1
DA:66,1
DA:67,1
DA:68,1
DA:69,1
DA:70,1
DA:71,0
DA:72,0
DA:73,0
DA:74,1
DA:75,2
DA:76,0
DA:77,0
DA:78,2
DA:79,4
DA:80,4
DA:81,4
DA:82,4
DA:83,4
DA:84,363
DA:85,363
DA:86,4
DA:87,4
LF:87
LH:79
BRDA:10,0,0,4
BRDA:11,1,0,2
BRDA:11,2,0,2
BRDA:11,3,0,2
BRDA:15,4,0,2
BRDA:61,5,0,1
BRDA:70,6,0,0
BRDA:75,7,0,0
BRDA:80,8,0,0
BRDA:16,9,0,3
BRDA:19,10,0,3
BRDA:21,11,0,0
BRDA:22,12,0,0
BRDA:23,13,0,2
BRDA:23,14,0,2
BRDA:23,15,0,1
BRDA:24,16,0,2
BRDA:24,17,0,2
BRDA:24,18,0,1
BRDA:26,19,0,4
BRDA:37,20,0,0
BRDA:42,21,0,1
BRDA:43,22,0,0
BRDA:45,23,0,1
BRDA:46,24,0,0
BRDA:48,25,0,1
BRDA:49,26,0,0
BRDA:51,27,0,0
BRDA:54,28,0,1
BRDA:54,29,0,1
BRDA:55,30,0,1
BRDA:83,31,0,363
BRDA:84,32,0,724
BRF:33
BRH:23
end_of_record
TN:
SF:src/systems/playerSystem.ts
FN:7,createPlayerSystem
FN:10,init
FN:13,update
FNF:3
FNH:3
FNDA:20,createPlayerSystem
FNDA:19,init
FNDA:5939,update
DA:1,1
DA:2,1
DA:3,1
DA:4,1
DA:5,1
DA:6,1
DA:7,1
DA:8,20
DA:9,20
DA:10,20
DA:11,19
DA:12,19
DA:13,20
DA:14,5939
DA:15,5939
DA:16,20
DA:17,20
LF:17
LH:17
BRDA:7,0,0,20
BRDA:10,1,0,19
BRDA:13,2,0,5939
BRF:3
BRH:3
end_of_record
TN:
SF:src/systems/randomCounterSystem.ts
FN:14,createRandomCounterSystem
FN:18,update
FN:24,getValues
FN:25,reset
FNF:4
FNH:3
FNDA:9,createRandomCounterSystem
FNDA:306,update
FNDA:8,getValues
FNDA:0,reset
DA:1,1
DA:2,1
DA:3,1
DA:4,1
DA:5,1
DA:6,1
DA:7,1
DA:8,1
DA:9,1
DA:10,1
DA:11,1
DA:12,1
DA:13,1
DA:14,1
DA:15,9
DA:16,9
DA:17,9
DA:18,9
DA:19,306
DA:20,306
DA:21,9
DA:22,9
DA:23,9
DA:24,9
DA:25,9
DA:26,9
DA:27,9
LF:27
LH:27
BRDA:14,0,0,9
BRDA:18,1,0,306
BRDA:24,2,0,8
BRF:3
BRH:3
end_of_record
TN:
SF:src/systems/renderSystem.ts
FN:6,createRenderSystem
FN:9,init
FN:13,clear
FN:18,translateOrigin
FN:30,restore
FN:33,init
FN:34,update
FNF:7
FNH:7
FNDA:3,createRenderSystem
FNDA:2,init
FNDA:2,clear
FNDA:2,translateOrigin
FNDA:2,restore
FNDA:2,init
FNDA:2,update
DA:1,1
DA:2,1
DA:3,1
DA:4,1
DA:5,1
DA:6,1
DA:7,3
DA:8,3
DA:9,3
DA:10,2
DA:11,2
DA:12,2
DA:13,3
DA:14,2
DA:15,2
DA:16,2
DA:17,2
DA:18,3
DA:19,2
DA:20,2
DA:21,2
DA:22,2
DA:23,2
DA:24,2
DA:25,2
DA:26,2
DA:27,2
DA:28,2
DA:29,2
DA:30,3
DA:31,3
DA:32,3
DA:33,3
DA:34,3
DA:35,2
DA:36,2
DA:37,2
DA:38,2
DA:39,2
DA:40,1
DA:41,1
DA:42,1
DA:43,2
DA:44,4
DA:45,4
DA:46,4
DA:47,4
DA:48,4
DA:49,4
DA:50,4
DA:51,4
DA:52,4
DA:53,56
DA:54,784
DA:55,784
DA:56,784
DA:57,784
DA:58,56
DA:59,4
DA:60,2
DA:61,2
DA:62,2
DA:63,2
DA:64,2
DA:65,2
DA:66,2
DA:67,2
DA:68,2
DA:69,2
DA:70,2
DA:71,3
DA:72,3
LF:72
LH:72
BRDA:6,0,0,3
BRDA:9,1,0,2
BRDA:11,2,0,0
BRDA:13,3,0,2
BRDA:14,4,0,0
BRDA:18,5,0,2
BRDA:19,6,0,0
BRDA:25,7,0,0
BRDA:30,8,0,2
BRDA:33,9,0,2
BRDA:34,10,0,2
BRDA:35,11,0,0
BRDA:39,12,0,1
BRDA:39,13,0,1
BRDA:43,14,0,4
BRDA:46,15,0,2
BRDA:46,16,0,2
BRDA:48,17,0,2
BRDA:48,18,0,2
BRDA:49,19,0,2
BRDA:49,20,0,2
BRDA:52,21,0,56
BRDA:53,22,0,784
BRDA:65,23,0,0
BRDA:68,24,0,0
BRF:25
BRH:18
end_of_record
TN:
SF:src/systems/waveSystem.ts
FN:10,createWaveSystem
FN:13,update
FNF:2
FNH:2
FNDA:20,createWaveSystem
FNDA:6739,update
DA:1,1
DA:2,1
DA:3,1
DA:4,1
DA:5,1
DA:6,1
DA:7,1
DA:8,1
DA:9,1
DA:10,1
DA:11,20
DA:12,20
DA:13,20
DA:14,6739
DA:15,22
DA:16,22
DA:17,22
DA:18,22
DA:19,22
DA:20,22
DA:21,22
DA:22,6739
DA:23,20
DA:24,20
LF:24
LH:24
BRDA:10,0,0,20
BRDA:13,1,0,6739
BRDA:14,2,0,22
BRF:3
BRH:3
end_of_record
TN:
SF:src/testUtils/poolHarness.ts
FN:34,createPooledHarness
FN:40,create
FN:41,reset
FN:46,create
FN:47,reset
FN:59,spawnUntil
FN:64,reclaimAll
FN:75,getEntities
FN:76,getPool
FN:78,profile
FNF:10
FNH:10
FNDA:4,createPooledHarness
FNDA:22,create
FNDA:2,reset
FNDA:2,create
FNDA:2,reset
FNDA:6,spawnUntil
FNDA:2,reclaimAll
FNDA:6,getEntities
FNDA:4,getPool
FNDA:2,profile
DA:1,1
DA:2,1
DA:3,1
DA:4,1
DA:5,1
DA:6,1
DA:7,1
DA:8,1
DA:9,1
DA:10,1
DA:11,1
DA:12,1
DA:13,1
DA:14,1
DA:15,1
DA:16,1
DA:17,1
DA:18,1
DA:19,1
DA:20,1
DA:21,1
DA:22,1
DA:23,1
DA:24,1
DA:25,1
DA:26,1
DA:27,1
DA:28,1
DA:29,1
DA:30,1
DA:31,1
DA:32,1
DA:33,1
DA:34,1
DA:35,4
DA:36,4
DA:37,4
DA:38,3
DA:39,3
DA:40,3
DA:41,3
DA:42,3
DA:43,4
DA:44,1
DA:45,1
DA:46,1
DA:47,1
DA:48,1
DA:49,1
DA:50,4
DA:51,4
DA:52,1
DA:53,4
DA:54,4
DA:55,4
DA:56,4
DA:57,4
DA:58,4
DA:59,4
DA:60,6
DA:61,6
DA:62,6
DA:63,4
DA:64,4
DA:65,2
DA:66,1
DA:67,1
DA:68,1
DA:69,1
DA:70,2
DA:71,2
DA:72,2
DA:73,2
DA:74,4
DA:75,4
DA:76,4
DA:77,4
DA:78,4
DA:79,2
DA:80,2
DA:81,2
DA:82,2
DA:83,2
DA:84,30
DA:85,30
DA:86,30
DA:87,30
DA:88,90
DA:89,90
DA:90,90
DA:91,90
DA:92,90
DA:93,30
DA:94,30
DA:95,20
DA:96,20
DA:97,30
DA:98,30
DA:99,2
DA:100,6
DA:101,6
DA:102,6
DA:103,2
DA:104,1
DA:105,1
DA:106,1
DA:107,1
DA:108,2
DA:109,2
DA:110,4
DA:111,4
DA:112,4
LF:112
LH:112
BRDA:34,0,0,4
BRDA:37,1,0,3
BRDA:43,2,0,1
BRDA:51,3,0,3
BRDA:51,4,0,1
BRDA:55,5,0,2
BRDA:55,6,0,2
BRDA:40,7,0,22
BRDA:41,8,0,2
BRDA:46,9,0,2
BRDA:47,10,0,2
BRDA:59,11,0,6
BRDA:60,12,0,4
BRDA:60,13,0,2
BRDA:61,14,0,385
BRDA:64,15,0,2
BRDA:65,16,0,1
BRDA:66,17,0,2
BRDA:68,18,0,2
BRDA:75,19,0,6
BRDA:75,20,0,3
BRDA:75,21,0,3
BRDA:76,22,0,4
BRDA:76,23,0,2
BRDA:76,24,0,2
BRDA:78,25,0,2
BRDA:81,26,0,1
BRDA:81,27,0,1
BRDA:81,28,0,1
BRDA:81,29,0,1
BRDA:81,30,0,1
BRDA:83,31,0,30
BRDA:87,32,0,90
BRDA:88,33,0,6
BRDA:90,34,0,40
BRDA:91,35,0,10
BRDA:94,36,0,20
BRDA:94,37,0,20
BRDA:94,38,0,20
BRDA:94,39,0,20
BRDA:99,40,0,6
BRDA:101,41,0,0
BRDA:103,42,0,1
BRDA:103,43,0,1
BRF:44
BRH:43
end_of_record
