TN:
SF:src/index.ts
FN:1,(empty-report)
FNF:1
FNH:0
FNDA:0,(empty-report)
DA:1,0
LF:1
LH:0
BRDA:1,0,0,0
BRF:1
BRH:0
end_of_record
TN:
SF:src/main.ts
FN:1,(empty-report)
FNF:1
FNH:0
FNDA:0,(empty-report)
DA:1,0
DA:2,0
DA:3,0
DA:4,0
DA:5,0
DA:6,0
DA:7,0
DA:8,0
DA:9,0
DA:10,0
DA:11,0
DA:12,0
DA:13,0
DA:14,0
DA:15,0
DA:16,0
DA:17,0
DA:18,0
DA:19,0
DA:20,0
DA:21,0
DA:22,0
DA:23,0
DA:24,0
DA:25,0
DA:26,0
DA:27,0
DA:28,0
DA:29,0
DA:30,0
DA:31,0
DA:32,0
DA:33,0
DA:34,0
DA:35,0
DA:36,0
DA:37,0
DA:38,0
DA:39,0
DA:40,0
DA:41,0
DA:42,0
DA:43,0
DA:44,0
DA:45,0
DA:46,0
DA:47,0
DA:48,0
DA:49,0
DA:50,0
DA:51,0
DA:52,0
DA:53,0
DA:54,0
DA:55,0
DA:56,0
DA:57,0
DA:58,0
DA:59,0
DA:60,0
DA:61,0
DA:62,0
DA:63,0
DA:64,0
DA:65,0
DA:66,0
DA:67,0
DA:68,0
DA:69,0
DA:70,0
LF:70
LH:0
BRDA:1,0,0,0
BRF:1
BRH:0
end_of_record
TN:
SF:src/content/initialContent.ts
FNF:0
FNH:0
DA:1,1
DA:2,1
DA:3,1
DA:4,1
DA:5,1
DA:6,1
DA:7,1
DA:8,1
DA:9,1
DA:10,1
DA:11,1
DA:12,1
DA:13,1
DA:14,1
DA:15,1
DA:16,1
DA:17,1
DA:18,1
DA:19,1
DA:20,1
DA:21,1
DA:22,1
DA:23,1
DA:24,1
DA:25,1
DA:26,1
DA:27,1
DA:28,1
DA:29,1
DA:30,1
DA:31,1
LF:31
LH:31
BRF:0
BRH:0
end_of_record
TN:
SF:src/content/registries.ts
FN:14,ensureUnique
FN:20,enemy
FN:21,powerup
FN:22,upgrade
FN:23,waveMod
FN:24,bossPattern
FN:25,snapshot
FN:27,hash
FN:28,collect
FNF:9
FNH:9
FNDA:184,ensureUnique
FNDA:41,enemy
FNDA:26,powerup
FNDA:39,upgrade
FNDA:26,waveMod
FNDA:52,bossPattern
FNDA:36,snapshot
FNDA:37,hash
FNDA:185,collect
DA:1,1
DA:2,1
DA:3,1
DA:4,1
DA:5,1
DA:6,1
DA:7,1
DA:8,1
DA:9,1
DA:10,1
DA:11,1
DA:12,1
DA:13,1
DA:14,184
DA:15,184
DA:16,184
DA:17,184
DA:18,1
DA:19,1
DA:20,1
DA:21,1
DA:22,1
DA:23,1
DA:24,1
DA:25,1
DA:26,1
DA:27,1
DA:28,37
DA:29,37
DA:30,37
DA:31,37
DA:32,37
DA:33,37
DA:34,37
DA:35,1
LF:35
LH:35
BRDA:14,0,0,184
BRDA:15,1,0,0
BRDA:20,2,0,41
BRDA:21,3,0,26
BRDA:22,4,0,39
BRDA:23,5,0,26
BRDA:24,6,0,52
BRDA:25,7,0,36
BRDA:27,8,0,37
BRDA:31,9,0,4914
BRDA:28,10,0,185
BRF:11
BRH:10
end_of_record
TN:
SF:src/content/patterns/futureConverge.ts
FN:16,createFutureConvergePattern
FN:21,spawnRadial
FN:38,start
FN:43,update
FN:60,end
FNF:5
FNH:5
FNDA:2,createFutureConvergePattern
FNDA:20,spawnRadial
FNDA:2,start
FNDA:660,update
FNDA:2,end
DA:1,1
DA:2,1
DA:3,1
DA:4,1
DA:5,1
DA:6,1
DA:7,1
DA:8,1
DA:9,1
DA:10,1
DA:11,1
DA:12,1
DA:13,1
DA:14,1
DA:15,1
DA:16,1
DA:17,2
DA:18,2
DA:19,2
DA:20,2
DA:21,2
DA:22,20
DA:23,160
DA:24,160
DA:25,160
DA:26,160
DA:27,160
DA:28,160
DA:29,160
DA:30,160
DA:31,160
DA:32,160
DA:33,160
DA:34,20
DA:35,2
DA:36,2
DA:37,2
DA:38,2
DA:39,2
DA:40,2
DA:41,2
DA:42,2
DA:43,2
DA:44,660
DA:45,660
DA:46,660
DA:47,8
DA:48,8
DA:49,660
DA:50,660
DA:51,8
DA:52,8
DA:53,660
DA:54,660
DA:55,4
DA:56,4
DA:57,660
DA:58,658
DA:59,660
DA:60,2
DA:61,2
DA:62,2
LF:62
LH:62
BRDA:16,0,0,2
BRDA:21,1,0,20
BRDA:22,2,0,160
BRDA:24,3,0,0
BRDA:38,4,0,2
BRDA:43,5,0,660
BRDA:46,6,0,542
BRDA:46,7,0,240
BRDA:46,8,0,8
BRDA:50,9,0,302
BRDA:50,10,0,240
BRDA:50,11,0,8
BRDA:54,12,0,658
BRDA:54,13,0,4
BRDA:55,14,0,2
BRDA:55,15,0,2
BRDA:55,16,0,2
BRDA:55,17,0,2
BRDA:55,18,0,2
BRDA:55,19,0,2
BRDA:57,20,0,2
BRDA:57,21,0,658
BRDA:60,22,0,2
BRF:23
BRH:22
end_of_record
TN:
SF:src/content/patterns/laserCross.ts
FN:17,createLaserCrossPattern
FN:23,start
FN:27,update
FN:33,end
FNF:4
FNH:4
FNDA:4,createLaserCrossPattern
FNDA:4,start
FNDA:540,update
FNDA:3,end
DA:1,1
DA:2,1
DA:3,1
DA:4,1
DA:5,1
DA:6,1
DA:7,1
DA:8,1
DA:9,1
DA:10,1
DA:11,1
DA:12,1
DA:13,1
DA:14,1
DA:15,1
DA:16,1
DA:17,1
DA:18,4
DA:19,4
DA:20,4
DA:21,4
DA:22,4
DA:23,4
DA:24,4
DA:25,4
DA:26,4
DA:27,4
DA:28,540
DA:29,540
DA:30,540
DA:31,537
DA:32,540
DA:33,4
DA:34,3
DA:35,3
DA:36,4
DA:37,4
LF:37
LH:37
BRDA:17,0,0,4
BRDA:23,1,0,4
BRDA:25,2,0,3
BRDA:25,3,0,1
BRDA:27,4,0,540
BRDA:30,5,0,3
BRDA:30,6,0,537
BRDA:33,7,0,3
BRF:8
BRH:8
end_of_record
TN:
SF:src/content/patterns/multiBeamIntersect.ts
FN:14,createMultiBeamIntersectPattern
FN:20,start
FN:23,update
FN:44,end
FNF:4
FNH:4
FNDA:3,createMultiBeamIntersectPattern
FNDA:3,start
FNDA:900,update
FNDA:3,end
DA:1,1
DA:2,1
DA:3,1
DA:4,1
DA:5,1
DA:6,1
DA:7,1
DA:8,1
DA:9,1
DA:10,1
DA:11,1
DA:12,1
DA:13,1
DA:14,1
DA:15,3
DA:16,3
DA:17,3
DA:18,3
DA:19,3
DA:20,3
DA:21,3
DA:22,3
DA:23,3
DA:24,900
DA:25,900
DA:26,900
DA:27,18
DA:28,18
DA:29,18
DA:30,18
DA:31,18
DA:32,18
DA:33,18
DA:34,18
DA:35,18
DA:36,18
DA:37,18
DA:38,18
DA:39,18
DA:40,18
DA:41,900
DA:42,897
DA:43,900
DA:44,3
DA:45,3
DA:46,3
LF:46
LH:46
BRDA:14,0,0,3
BRDA:20,1,0,3
BRDA:21,2,0,2
BRDA:21,3,0,1
BRDA:23,4,0,900
BRDA:26,5,0,723
BRDA:26,6,0,720
BRDA:26,7,0,18
BRDA:41,8,0,3
BRDA:41,9,0,897
BRDA:44,10,0,3
BRF:11
BRH:11
end_of_record
TN:
SF:src/content/patterns/safeLaneVolley.ts
FN:14,createSafeLaneVolleyPattern
FN:21,start
FN:24,update
FN:48,end
FNF:4
FNH:4
FNDA:3,createSafeLaneVolleyPattern
FNDA:3,start
FNDA:720,update
FNDA:3,end
DA:1,1
DA:2,1
DA:3,1
DA:4,1
DA:5,1
DA:6,1
DA:7,1
DA:8,1
DA:9,1
DA:10,1
DA:11,1
DA:12,1
DA:13,1
DA:14,1
DA:15,3
DA:16,3
DA:17,3
DA:18,3
DA:19,3
DA:20,3
DA:21,3
DA:22,3
DA:23,3
DA:24,3
DA:25,720
DA:26,720
DA:27,720
DA:28,18
DA:29,18
DA:30,18
DA:31,18
DA:32,18
DA:33,18
DA:34,18
DA:35,18
DA:36,18
DA:37,18
DA:38,18
DA:39,18
DA:40,18
DA:41,18
DA:42,18
DA:43,18
DA:44,18
DA:45,720
DA:46,717
DA:47,720
DA:48,3
DA:49,3
DA:50,3
LF:50
LH:50
BRDA:14,0,0,3
BRDA:21,1,0,3
BRDA:22,2,0,0
BRDA:24,3,0,720
BRDA:27,4,0,543
BRDA:27,5,0,540
BRDA:27,6,0,18
BRDA:28,7,0,12
BRDA:28,8,0,6
BRDA:29,9,0,12
BRDA:29,10,0,6
BRDA:35,11,0,6
BRDA:35,12,0,12
BRDA:45,13,0,3
BRDA:45,14,0,717
BRDA:48,15,0,3
BRF:16
BRH:15
end_of_record
TN:
SF:src/devtools/errorBoundary.ts
FN:25,push
FN:30,installErrorBoundary
FN:43,logError
FN:47,getErrors
FN:48,clearErrors
FN:49,size
FN:53,getLoggedErrors
FN:54,clearLoggedErrors
FNF:8
FNH:5
FNDA:13,push
FNDA:2,installErrorBoundary
FNDA:13,logError
FNDA:0,getErrors
FNDA:0,clearErrors
FNDA:0,size
FNDA:3,getLoggedErrors
FNDA:3,clearLoggedErrors
DA:1,1
DA:2,1
DA:3,1
DA:4,1
DA:5,1
DA:6,1
DA:7,1
DA:8,1
DA:9,1
DA:10,1
DA:11,1
DA:12,1
DA:13,1
DA:14,1
DA:15,1
DA:16,1
DA:17,1
DA:18,1
DA:19,1
DA:20,1
DA:21,1
DA:22,1
DA:23,1
DA:24,1
DA:25,13
DA:26,13
DA:27,13
DA:28,13
DA:29,1
DA:30,1
DA:31,2
DA:32,2
DA:33,0
DA:34,0
DA:35,0
DA:36,0
DA:37,0
DA:38,0
DA:39,0
DA:40,0
DA:41,0
DA:42,2
DA:43,2
DA:44,13
DA:45,1
DA:46,13
DA:47,2
DA:48,2
DA:49,2
DA:50,2
DA:51,2
DA:52,1
DA:53,1
DA:54,1
LF:54
LH:45
BRDA:25,0,0,13
BRDA:27,1,0,7
BRDA:30,2,0,2
BRDA:32,3,0,0
BRDA:43,4,0,13
BRDA:44,5,0,12
BRDA:44,6,0,1
BRDA:53,7,0,3
BRDA:54,8,0,3
BRF:9
BRH:8
end_of_record
TN:
SF:src/devtools/replay.ts
FN:26,recordRun
FN:30,summarySource
FN:77,replayRun
FN:80,summarySource
FNF:4
FNH:4
FNDA:10,recordRun
FNDA:10,summarySource
FNDA:2,replayRun
FNDA:2,summarySource
DA:1,1
DA:2,1
DA:3,1
DA:4,1
DA:5,1
DA:6,1
DA:7,1
DA:8,1
DA:9,1
DA:10,1
DA:11,1
DA:12,1
DA:13,1
DA:14,1
DA:15,1
DA:16,1
DA:17,1
DA:18,1
DA:19,1
DA:20,1
DA:21,1
DA:22,1
DA:23,1
DA:24,1
DA:25,1
DA:26,1
DA:27,10
DA:28,10
DA:29,10
DA:30,10
DA:31,10
DA:32,10
DA:33,10
DA:34,10
DA:35,10
DA:36,10
DA:37,10
DA:38,10
DA:39,10
DA:40,10
DA:41,10
DA:42,10
DA:43,10
DA:44,10
DA:45,10
DA:46,10
DA:47,10
DA:48,10
DA:49,10
DA:50,10
DA:51,10
DA:52,4
DA:53,4
DA:54,10
DA:55,10
DA:56,10
DA:57,1
DA:58,1
DA:59,1
DA:60,1
DA:61,1
DA:62,1
DA:63,1
DA:64,1
DA:65,10
DA:66,10
DA:67,10
DA:68,10
DA:69,1
DA:70,1
DA:71,1
DA:72,1
DA:73,1
DA:74,1
DA:75,1
DA:76,1
DA:77,1
DA:78,2
DA:79,2
DA:80,2
DA:81,2
DA:82,2
DA:83,2
DA:84,2
DA:85,2
DA:86,2
DA:87,2
DA:88,2
DA:89,2
DA:90,2
DA:91,2
DA:92,2
DA:93,2
DA:94,2
DA:95,2
DA:96,2
DA:97,2
DA:98,2
DA:99,2
DA:100,2
DA:101,0
DA:102,0
DA:103,2
DA:104,2
DA:105,0
DA:106,0
DA:107,2
DA:108,2
DA:109,2
DA:110,2
DA:111,2
DA:112,2
DA:113,2
DA:114,2
DA:115,2
DA:116,2
DA:117,2
DA:118,2
DA:119,0
DA:120,0
DA:121,0
DA:122,0
DA:123,0
DA:124,2
DA:125,2
LF:125
LH:116
BRDA:26,0,0,10
BRDA:49,1,0,1
BRDA:49,2,0,9
BRDA:51,3,0,4
BRDA:54,4,0,1
BRDA:56,5,0,1
BRDA:56,6,0,1
BRDA:30,7,0,10
BRDA:40,8,0,0
BRDA:40,9,0,2
BRDA:77,10,0,2
BRDA:98,11,0,0
BRDA:100,12,0,0
BRDA:104,13,0,0
BRDA:112,14,0,0
BRDA:113,15,0,0
BRDA:114,16,0,0
BRDA:115,17,0,0
BRDA:116,18,0,1
BRDA:117,19,0,0
BRDA:118,20,0,0
BRDA:80,21,0,2
BRDA:90,22,0,0
BRF:23
BRH:12
end_of_record
TN:
SF:src/engine/errorBoundary.ts
FN:4,<instance_members_initializer>
FN:6,ErrorRingBuffer
FN:7,push
FN:12,list
FN:13,clear
FN:18,safe
FNF:6
FNH:2
FNDA:36,<instance_members_initializer>
FNDA:36,ErrorRingBuffer
FNDA:0,push
FNDA:0,list
FNDA:0,clear
FNDA:0,safe
DA:1,1
DA:2,1
DA:3,1
DA:4,1
DA:5,36
DA:6,36
DA:7,36
DA:8,0
DA:9,0
DA:10,0
DA:11,0
DA:12,36
DA:13,36
DA:14,36
DA:15,1
DA:16,1
DA:17,1
DA:18,1
DA:19,0
DA:20,0
LF:20
LH:14
BRDA:4,0,0,36
BRDA:6,1,0,36
BRF:2
BRH:2
end_of_record
TN:
SF:src/engine/eventBus.ts
FN:22,<instance_members_initializer>
FN:28,on
FN:37,off
FN:47,emit
FN:53,clear
FNF:5
FNH:5
FNDA:37,<instance_members_initializer>
FNDA:72,on
FNDA:5,off
FNDA:32860,emit
FNDA:1,clear
DA:1,1
DA:2,1
DA:3,1
DA:4,1
DA:5,1
DA:6,1
DA:7,1
DA:8,1
DA:9,1
DA:10,1
DA:11,1
DA:12,1
DA:13,1
DA:14,1
DA:15,1
DA:16,1
DA:17,1
DA:18,1
DA:19,1
DA:20,1
DA:21,1
DA:22,1
DA:23,37
DA:24,37
DA:25,37
DA:26,37
DA:27,37
DA:28,37
DA:29,72
DA:30,72
DA:31,72
DA:32,72
DA:33,72
DA:34,37
DA:35,37
DA:36,37
DA:37,37
DA:38,5
DA:39,5
DA:40,5
DA:41,5
DA:42,5
DA:43,5
DA:44,37
DA:45,37
DA:46,37
DA:47,37
DA:48,32860
DA:49,32860
DA:50,701
DA:51,32860
DA:52,37
DA:53,37
DA:54,37
DA:55,1
DA:56,1
DA:57,1
DA:58,1
DA:59,1
LF:59
LH:59
BRDA:22,0,0,37
BRDA:28,1,0,72
BRDA:30,2,0,22
BRDA:32,3,0,5
BRDA:37,4,0,5
BRDA:47,5,0,32860
BRDA:49,6,0,32858
BRDA:49,7,0,32159
BRDA:49,8,0,701
BRDA:50,9,0,3193
BRDA:50,10,0,0
BRDA:53,11,0,1
BRF:12
BRH:11
end_of_record
TN:
SF:src/engine/index.ts
FNF:0
FNH:0
DA:1,1
DA:2,1
DA:3,1
DA:4,1
DA:5,1
DA:6,1
LF:6
LH:6
BRF:0
BRH:0
end_of_record
TN:
SF:src/engine/orchestrator.ts
FN:37,<instance_members_initializer>
FN:48,GameOrchestrator
FN:56,register
FN:62,sortSystems
FN:66,init
FN:74,advance
FN:85,tick
FN:103,buildContext
FN:113,teardown
FN:119,getMetrics
FN:123,getStep
FN:125,enableProfiler
FN:128,snapshot
FN:135,restore
FNF:14
FNH:13
FNDA:85,<instance_members_initializer>
FNDA:85,GameOrchestrator
FNDA:308,register
FNDA:308,sortSystems
FNDA:83,init
FNDA:3981,advance
FNDA:31766,tick
FNDA:31849,buildContext
FNDA:0,teardown
FNDA:35,getMetrics
FNDA:2797,getStep
FNDA:6,enableProfiler
FNDA:31,snapshot
FNDA:2,restore
DA:1,1
DA:2,1
DA:3,1
DA:4,1
DA:5,1
DA:6,1
DA:7,1
DA:8,1
DA:9,1
DA:10,1
DA:11,1
DA:12,1
DA:13,1
DA:14,1
DA:15,1
DA:16,1
DA:17,1
DA:18,1
DA:19,1
DA:20,1
DA:21,1
DA:22,1
DA:23,1
DA:24,1
DA:25,1
DA:26,1
DA:27,1
DA:28,1
DA:29,1
DA:30,1
DA:31,1
DA:32,1
DA:33,1
DA:34,1
DA:35,1
DA:36,1
DA:37,1
DA:38,85
DA:39,85
DA:40,85
DA:41,85
DA:42,85
DA:43,85
DA:44,85
DA:45,85
DA:46,85
DA:47,85
DA:48,85
DA:49,85
DA:50,85
DA:51,82
DA:52,0
DA:53,85
DA:54,85
DA:55,85
DA:56,85
DA:57,308
DA:58,308
DA:59,308
DA:60,308
DA:61,85
DA:62,85
DA:63,308
DA:64,308
DA:65,85
DA:66,85
DA:67,83
DA:68,83
DA:69,83
DA:70,85
DA:71,85
DA:72,85
DA:73,85
DA:74,85
DA:75,3981
DA:76,3981
DA:77,3981
DA:78,31766
DA:79,31766
DA:80,31766
DA:81,31766
DA:82,3981
DA:83,3981
DA:84,85
DA:85,85
DA:86,31766
DA:87,31766
DA:88,201
DA:89,201
DA:90,589
DA:91,589
DA:92,589
DA:93,589
DA:94,201
DA:95,31766
DA:96,31565
DA:97,31565
DA:98,31766
DA:99,31766
DA:100,31766
DA:101,31766
DA:102,85
DA:103,85
DA:104,31849
DA:105,31849
DA:106,31849
DA:107,31849
DA:108,31849
DA:109,31849
DA:110,31849
DA:111,31849
DA:112,85
DA:113,85
DA:114,0
DA:115,0
DA:116,0
DA:117,0
DA:118,85
DA:119,85
DA:120,35
DA:121,35
DA:122,85
DA:123,85
DA:124,85
DA:125,85
DA:126,85
DA:127,85
DA:128,85
DA:129,31
DA:130,31
DA:131,31
DA:132,31
DA:133,85
DA:134,85
DA:135,85
DA:136,2
DA:137,2
DA:138,2
DA:139,2
DA:140,2
DA:141,2
DA:142,85
LF:142
LH:137
BRDA:37,0,0,85
BRDA:48,1,0,85
BRDA:49,2,0,1
BRDA:50,3,0,3
BRDA:50,4,0,82
BRDA:51,5,0,0
BRDA:56,6,0,308
BRDA:57,7,0,0
BRDA:57,8,0,748
BRDA:62,9,0,308
BRDA:63,10,0,826
BRDA:63,11,0,1
BRDA:63,12,0,1
BRDA:66,13,0,83
BRDA:68,14,0,301
BRDA:68,15,0,84
BRDA:74,16,0,3981
BRDA:77,17,0,31766
BRDA:85,18,0,31766
BRDA:87,19,0,201
BRDA:89,20,0,589
BRDA:95,21,0,31565
BRDA:96,22,0,205836
BRDA:103,23,0,31849
BRDA:119,24,0,35
BRDA:123,25,0,2797
BRDA:125,26,0,6
BRDA:128,27,0,31
BRDA:129,28,0,24
BRDA:135,29,0,2
BRF:30
BRH:28
end_of_record
TN:
SF:src/engine/pool.ts
FN:18,<instance_members_initializer>
FN:23,Pool
FN:27,make
FN:28,acquire
FN:33,release
FN:37,stats
FN:38,preallocate
FNF:7
FNH:6
FNDA:141,<instance_members_initializer>
FNDA:141,Pool
FNDA:6451,make
FNDA:3373,acquire
FNDA:2287,release
FNDA:9,stats
FNDA:0,preallocate
DA:1,1
DA:2,1
DA:3,1
DA:4,1
DA:5,1
DA:6,1
DA:7,1
DA:8,1
DA:9,1
DA:10,1
DA:11,1
DA:12,1
DA:13,1
DA:14,1
DA:15,1
DA:16,1
DA:17,1
DA:18,1
DA:19,141
DA:20,141
DA:21,141
DA:22,141
DA:23,141
DA:24,141
DA:25,141
DA:26,141
DA:27,141
DA:28,141
DA:29,3373
DA:30,3373
DA:31,85
DA:32,3373
DA:33,141
DA:34,2287
DA:35,2287
DA:36,2287
DA:37,141
DA:38,141
DA:39,0
DA:40,0
DA:41,0
DA:42,0
DA:43,0
DA:44,141
LF:44
LH:39
BRDA:18,0,0,141
BRDA:23,1,0,141
BRDA:25,2,0,6366
BRDA:27,3,0,6451
BRDA:28,4,0,3373
BRDA:29,5,0,3254
BRDA:29,6,0,2128
BRDA:29,7,0,119
BRDA:30,8,0,39
BRDA:30,9,0,2136
BRDA:30,10,0,34
BRDA:30,11,0,85
BRDA:33,12,0,2287
BRDA:34,13,0,2285
BRDA:37,14,0,9
BRF:15
BRH:15
end_of_record
TN:
SF:src/engine/rng.ts
FN:6,<instance_members_initializer>
FN:8,RNG
FN:22,next
FN:28,int
FN:34,choice
FN:39,snapshot
FN:41,restore
FNF:7
FNH:7
FNDA:130,<instance_members_initializer>
FNDA:130,RNG
FNDA:3296,next
FNDA:1356,int
FNDA:50,choice
FNDA:33,snapshot
FNDA:2,restore
DA:1,1
DA:2,1
DA:3,1
DA:4,1
DA:5,1
DA:6,1
DA:7,130
DA:8,130
DA:9,130
DA:10,119
DA:11,119
DA:12,119
DA:13,1412
DA:14,1412
DA:15,119
DA:16,130
DA:17,11
DA:18,11
DA:19,130
DA:20,130
DA:21,130
DA:22,130
DA:23,3296
DA:24,3296
DA:25,3296
DA:26,3296
DA:27,130
DA:28,130
DA:29,1356
DA:30,1356
DA:31,1356
DA:32,1356
DA:33,130
DA:34,130
DA:35,50
DA:36,50
DA:37,50
DA:38,130
DA:39,130
DA:40,130
DA:41,130
DA:42,130
DA:43,1
DA:44,1
DA:45,1
LF:45
LH:45
BRDA:6,0,0,130
BRDA:8,1,0,130
BRDA:9,2,0,119
BRDA:12,3,0,1412
BRDA:16,4,0,11
BRDA:19,5,0,0
BRDA:22,6,0,3296
BRDA:28,7,0,1356
BRDA:29,8,0,0
BRDA:34,9,0,50
BRDA:35,10,0,0
BRDA:39,11,0,33
BRDA:41,12,0,2
BRDA:41,13,0,0
BRF:14
BRH:10
end_of_record
TN:
SF:src/state/gameState.ts
FN:36,createGameState
FN:39,create
FN:40,reset
FN:44,create
FN:45,reset
FNF:5
FNH:5
FNDA:66,createGameState
FNDA:2192,create
FNDA:480,reset
FNDA:4224,create
FNDA:1801,reset
DA:1,1
DA:2,1
DA:3,1
DA:4,1
DA:5,1
DA:6,1
DA:7,1
DA:8,1
DA:9,1
DA:10,1
DA:11,1
DA:12,1
DA:13,1
DA:14,1
DA:15,1
DA:16,1
DA:17,1
DA:18,1
DA:19,1
DA:20,1
DA:21,1
DA:22,1
DA:23,1
DA:24,1
DA:25,1
DA:26,1
DA:27,1
DA:28,1
DA:29,1
DA:30,1
DA:31,1
DA:32,1
DA:33,1
DA:34,1
DA:35,1
DA:36,1
DA:37,66
DA:38,66
DA:39,66
DA:40,66
DA:41,66
DA:42,66
DA:43,66
DA:44,66
DA:45,66
DA:46,66
DA:47,66
DA:48,66
LF:48
LH:48
BRDA:36,0,0,66
BRDA:39,1,0,2192
BRDA:40,2,0,480
BRDA:44,3,0,4224
BRDA:45,4,0,1801
BRF:5
BRH:5
end_of_record
TN:
SF:src/state/serialization.ts
FN:19,createSnapshot
FN:43,validateSnapshotRegistries
FN:48,applySnapshotSummary
FN:70,createOrchestratorFromSnapshot
FN:85,upgradeSnapshot
FN:90,ensure
FNF:6
FNH:6
FNDA:33,createSnapshot
FNDA:1,validateSnapshotRegistries
FNDA:1,applySnapshotSummary
FNDA:2,createOrchestratorFromSnapshot
FNDA:70,upgradeSnapshot
FNDA:63,ensure
DA:1,1
DA:2,1
DA:3,1
DA:4,1
DA:5,1
DA:6,1
DA:7,1
DA:8,1
DA:9,1
DA:10,1
DA:11,1
DA:12,1
DA:13,1
DA:14,1
DA:15,1
DA:16,1
DA:17,1
DA:18,1
DA:19,1
DA:20,33
DA:21,33
DA:22,33
DA:23,33
DA:24,33
DA:25,33
DA:26,33
DA:27,33
DA:28,33
DA:29,33
DA:30,33
DA:31,33
DA:32,33
DA:33,33
DA:34,33
DA:35,33
DA:36,33
DA:37,33
DA:38,33
DA:39,33
DA:40,33
DA:41,1
DA:42,1
DA:43,1
DA:44,1
DA:45,1
DA:46,1
DA:47,1
DA:48,1
DA:49,1
DA:50,1
DA:51,1
DA:52,1
DA:53,1
DA:54,1
DA:55,1
DA:56,1
DA:57,1
DA:58,1
DA:59,1
DA:60,1
DA:61,1
DA:62,1
DA:63,1
DA:64,1
DA:65,1
DA:66,1
DA:67,1
DA:68,1
DA:69,1
DA:70,1
DA:71,2
DA:72,1
DA:73,1
DA:74,1
DA:75,2
DA:76,2
DA:77,2
DA:78,2
DA:79,2
DA:80,2
DA:81,2
DA:82,2
DA:83,1
DA:84,1
DA:85,1
DA:86,70
DA:87,49
DA:88,49
DA:89,49
DA:90,49
DA:91,49
DA:92,70
DA:93,70
DA:94,70
DA:95,70
DA:96,70
DA:97,70
DA:98,70
DA:99,70
DA:100,70
DA:101,70
DA:102,70
DA:103,70
DA:104,70
DA:105,70
DA:106,70
DA:107,70
DA:108,70
DA:109,70
DA:110,70
DA:111,70
DA:112,70
DA:113,70
DA:114,70
DA:115,70
DA:116,70
DA:117,70
DA:118,70
DA:119,70
LF:119
LH:119
BRDA:19,0,0,33
BRDA:20,1,0,0
BRDA:21,2,0,25
BRDA:21,3,0,8
BRDA:22,4,0,25
BRDA:22,5,0,8
BRDA:23,6,0,25
BRDA:24,7,0,25
BRDA:24,8,0,8
BRDA:25,9,0,25
BRDA:25,10,0,8
BRDA:26,11,0,25
BRDA:26,12,0,8
BRDA:27,13,0,25
BRDA:27,14,0,21
BRDA:28,15,0,25
BRDA:28,16,0,29
BRDA:29,17,0,25
BRDA:29,18,0,29
BRDA:30,19,0,25
BRDA:30,20,0,29
BRDA:43,21,0,1
BRDA:48,22,0,1
BRDA:70,23,0,2
BRDA:71,24,0,1
BRDA:71,25,0,1
BRDA:78,26,0,1
BRDA:78,27,0,1
BRDA:85,28,0,70
BRDA:86,29,0,21
BRDA:86,30,0,58
BRDA:86,31,0,49
BRDA:92,32,0,9
BRDA:92,33,0,40
BRDA:93,34,0,9
BRDA:93,35,0,40
BRDA:94,36,0,9
BRDA:94,37,0,40
BRDA:95,38,0,9
BRDA:95,39,0,40
BRDA:96,40,0,9
BRDA:96,41,0,40
BRDA:97,42,0,9
BRDA:97,43,0,40
BRDA:98,44,0,9
BRDA:98,45,0,40
BRDA:90,46,0,63
BRDA:90,47,0,36
BRDA:90,48,0,27
BRF:49
BRH:48
end_of_record
TN:
SF:src/systems/bossSystem.ts
FN:11,laser-cross
FN:12,safe-lane-volley
FN:13,multi-beam-intersect
FN:14,future-converge
FN:24,derivePatternId
FN:33,createBossSystem
FN:41,tryStart
FN:58,init
FN:66,update
FN:80,teardown
FNF:10
FNH:9
FNDA:4,laser-cross
FNDA:3,safe-lane-volley
FNDA:3,multi-beam-intersect
FNDA:2,future-converge
FNDA:12,derivePatternId
FNDA:12,createBossSystem
FNDA:12,tryStart
FNDA:12,init
FNDA:15240,update
FNDA:0,teardown
DA:1,1
DA:2,1
DA:3,1
DA:4,1
DA:5,1
DA:6,1
DA:7,1
DA:8,1
DA:9,1
DA:10,1
DA:11,1
DA:12,1
DA:13,1
DA:14,1
DA:15,1
DA:16,1
DA:17,1
DA:18,1
DA:19,1
DA:20,1
DA:21,1
DA:22,1
DA:23,1
DA:24,12
DA:25,12
DA:26,12
DA:27,12
DA:28,11
DA:29,10
DA:30,4
DA:31,4
DA:32,1
DA:33,1
DA:34,12
DA:35,12
DA:36,12
DA:37,12
DA:38,12
DA:39,12
DA:40,12
DA:41,12
DA:42,12
DA:43,12
DA:44,12
DA:45,12
DA:46,12
DA:47,12
DA:48,12
DA:49,12
DA:50,12
DA:51,12
DA:52,12
DA:53,12
DA:54,12
DA:55,12
DA:56,12
DA:57,12
DA:58,12
DA:59,12
DA:60,12
DA:61,71
DA:62,12
DA:63,12
DA:64,12
DA:65,12
DA:66,12
DA:67,15240
DA:68,2820
DA:69,2820
DA:70,11
DA:71,11
DA:72,11
DA:73,11
DA:74,11
DA:75,11
DA:76,11
DA:77,11
DA:78,2820
DA:79,15240
DA:80,12
DA:81,0
DA:82,0
DA:83,12
DA:84,12
LF:84
LH:82
BRDA:11,0,0,4
BRDA:12,1,0,3
BRDA:13,2,0,3
BRDA:14,3,0,2
BRDA:24,4,0,12
BRDA:25,5,0,0
BRDA:26,6,0,2
BRDA:27,7,0,11
BRDA:27,8,0,3
BRDA:27,9,0,9
BRDA:28,10,0,3
BRDA:28,11,0,10
BRDA:28,12,0,6
BRDA:29,13,0,4
BRDA:29,14,0,2
BRDA:33,15,0,12
BRDA:34,16,0,0
BRDA:41,17,0,12
BRDA:42,18,0,0
BRDA:45,19,0,0
BRDA:58,20,0,12
BRDA:60,21,0,71
BRDA:61,22,0,57
BRDA:61,23,0,12
BRDA:66,24,0,15240
BRDA:67,25,0,2820
BRDA:69,26,0,11
BRF:27
BRH:23
end_of_record
TN:
SF:src/systems/bulletSystem.ts
FN:5,createBulletSystem
FN:8,update
FNF:2
FNH:2
FNDA:37,createBulletSystem
FNDA:27103,update
DA:1,1
DA:2,1
DA:3,1
DA:4,1
DA:5,1
DA:6,37
DA:7,37
DA:8,37
DA:9,27103
DA:10,27103
DA:11,27103
DA:12,27103
DA:13,2519
DA:14,2519
DA:15,2519
DA:16,2519
DA:17,2519
DA:18,2519
DA:19,2519
DA:20,2519
DA:21,2519
DA:22,2519
DA:23,2519
DA:24,2519
DA:25,27103
DA:26,27103
DA:27,27103
DA:28,37
DA:29,37
LF:29
LH:29
BRDA:5,0,0,37
BRDA:8,1,0,27103
BRDA:11,2,0,3462
BRDA:12,3,0,2519
BRDA:15,4,0,0
BRDA:26,5,0,496768
BRDA:26,6,0,457949
BRF:7
BRH:6
end_of_record
TN:
SF:src/systems/cameraSystem.ts
FN:6,createCameraSystem
FN:17,window.cameraShake
FN:23,window.cameraZoomTo
FN:30,update
FNF:4
FNH:2
FNDA:8,createCameraSystem
FNDA:0,window.cameraShake
FNDA:0,window.cameraZoomTo
FNDA:557,update
DA:1,1
DA:2,1
DA:3,1
DA:4,1
DA:5,1
DA:6,1
DA:7,8
DA:8,8
DA:9,8
DA:10,8
DA:11,8
DA:12,8
DA:13,8
DA:14,8
DA:15,8
DA:16,8
DA:17,0
DA:18,0
DA:19,0
DA:20,0
DA:21,0
DA:22,0
DA:23,0
DA:24,0
DA:25,8
DA:26,8
DA:27,8
DA:28,8
DA:29,8
DA:30,8
DA:31,557
DA:32,557
DA:33,557
DA:34,557
DA:35,557
DA:36,557
DA:37,557
DA:38,40
DA:39,40
DA:40,40
DA:41,40
DA:42,40
DA:43,40
DA:44,40
DA:45,40
DA:46,557
DA:47,557
DA:48,557
DA:49,557
DA:50,557
DA:51,557
DA:52,557
DA:53,557
DA:54,557
DA:55,200
DA:56,200
DA:57,557
DA:58,120
DA:59,120
DA:60,120
DA:61,120
DA:62,557
DA:63,557
DA:64,557
DA:65,557
DA:66,557
DA:67,557
DA:68,557
DA:69,31
DA:70,31
DA:71,31
DA:72,31
DA:73,31
DA:74,31
DA:75,31
DA:76,31
DA:77,557
DA:78,526
DA:79,526
DA:80,557
DA:81,557
DA:82,557
DA:83,8
DA:84,8
LF:84
LH:76
BRDA:6,0,0,8
BRDA:7,1,0,0
BRDA:8,2,0,7
BRDA:9,3,0,7
BRDA:10,4,0,7
BRDA:11,5,0,7
BRDA:13,6,0,7
BRDA:16,7,0,0
BRDA:30,8,0,557
BRDA:37,9,0,40
BRDA:37,10,0,40
BRDA:43,11,0,10
BRDA:43,12,0,0
BRDA:47,13,0,52
BRDA:48,14,0,182
BRDA:54,15,0,200
BRDA:57,16,0,357
BRDA:57,17,0,120
BRDA:68,18,0,31
BRDA:77,19,0,526
BRF:20
BRH:17
end_of_record
TN:
SF:src/systems/collisionSystem.ts
FN:4,createCollisionSystem
FN:7,update
FNF:2
FNH:2
FNDA:38,createCollisionSystem
FNDA:27283,update
DA:1,1
DA:2,1
DA:3,1
DA:4,1
DA:5,38
DA:6,38
DA:7,38
DA:8,27283
DA:9,457949
DA:10,2418961
DA:11,2418961
DA:12,538
DA:13,538
DA:14,2418961
DA:15,457949
DA:16,27283
DA:17,27283
DA:18,10284
DA:19,36830
DA:20,36830
DA:21,36830
DA:22,10284
DA:23,105095
DA:24,105095
DA:25,105095
DA:26,10284
DA:27,27283
DA:28,38
DA:29,38
LF:29
LH:29
BRDA:4,0,0,38
BRDA:7,1,0,27283
BRDA:8,2,0,496768
BRDA:8,3,0,457949
BRDA:9,4,0,3297517
BRDA:9,5,0,2418961
BRDA:11,6,0,538
BRDA:17,7,0,10284
BRDA:18,8,0,36830
BRDA:20,9,0,482
BRDA:22,10,0,105095
BRDA:24,11,0,104613
BRDA:24,12,0,103813
BRDA:24,13,0,1803
BRF:14
BRH:14
end_of_record
TN:
SF:src/systems/enemySystem.ts
FN:4,createEnemySystem
FN:7,update
FNF:2
FNH:2
FNDA:41,createEnemySystem
FNDA:29808,update
DA:1,1
DA:2,1
DA:3,1
DA:4,1
DA:5,41
DA:6,41
DA:7,41
DA:8,29808
DA:9,29808
DA:10,29808
DA:11,29808
DA:12,650
DA:13,650
DA:14,650
DA:15,617
DA:16,617
DA:17,617
DA:18,617
DA:19,617
DA:20,617
DA:21,617
DA:22,617
DA:23,617
DA:24,617
DA:25,617
DA:26,617
DA:27,29808
DA:28,29808
DA:29,29808
DA:30,41
DA:31,41
LF:31
LH:31
BRDA:4,0,0,41
BRDA:7,1,0,29808
BRDA:11,2,0,650
BRDA:14,3,0,33
BRDA:14,4,0,617
BRDA:28,5,0,182272
BRDA:28,6,0,143453
BRF:7
BRH:7
end_of_record
TN:
SF:src/systems/grazeSystem.ts
FN:11,createGrazeSystem
FN:18,update
FNF:2
FNH:2
FNDA:30,createGrazeSystem
FNDA:24828,update
DA:1,1
DA:2,1
DA:3,1
DA:4,1
DA:5,1
DA:6,1
DA:7,1
DA:8,1
DA:9,1
DA:10,1
DA:11,1
DA:12,30
DA:13,30
DA:14,30
DA:15,30
DA:16,30
DA:17,30
DA:18,30
DA:19,24828
DA:20,83696
DA:21,83696
DA:22,162
DA:23,162
DA:24,162
DA:25,162
DA:26,83696
DA:27,24828
DA:28,30
DA:29,30
LF:29
LH:29
BRDA:11,0,0,30
BRDA:12,1,0,0
BRDA:13,2,0,0
BRDA:18,3,0,24828
BRDA:19,4,0,166531
BRDA:19,5,0,130370
BRDA:19,6,0,83696
BRDA:21,7,0,162
BRDA:21,8,0,162
BRF:9
BRH:7
end_of_record
TN:
SF:src/systems/inputSystem.ts
FN:6,createInputSystem
FN:8,onDown
FN:9,onUp
FN:12,init
FN:16,update
FN:29,teardown
FNF:6
FNH:4
FNDA:2,createInputSystem
FNDA:2,onDown
FNDA:0,onUp
FNDA:1,init
FNDA:1,update
FNDA:0,teardown
DA:1,1
DA:2,1
DA:3,1
DA:4,1
DA:5,1
DA:6,1
DA:7,2
DA:8,2
DA:9,2
DA:10,2
DA:11,2
DA:12,2
DA:13,1
DA:14,1
DA:15,1
DA:16,2
DA:17,1
DA:18,1
DA:19,1
DA:20,1
DA:21,1
DA:22,1
DA:23,1
DA:24,1
DA:25,1
DA:26,1
DA:27,1
DA:28,1
DA:29,2
DA:30,0
DA:31,0
DA:32,0
DA:33,2
DA:34,2
LF:34
LH:31
BRDA:6,0,0,2
BRDA:8,1,0,2
BRDA:12,2,0,1
BRDA:16,3,0,1
BRDA:18,4,0,0
BRDA:19,5,0,0
BRDA:20,6,0,0
BRDA:21,7,0,0
BRDA:22,8,0,0
BRDA:23,9,0,0
BRF:10
BRH:4
end_of_record
TN:
SF:src/systems/overdriveSystem.ts
FN:11,createOverdriveSystem
FN:17,init
FN:21,update
FN:38,add
FNF:4
FNH:4
FNDA:27,createOverdriveSystem
FNDA:27,init
FNDA:23866,update
FNDA:3116,add
DA:1,1
DA:2,1
DA:3,1
DA:4,1
DA:5,1
DA:6,1
DA:7,1
DA:8,1
DA:9,1
DA:10,1
DA:11,1
DA:12,27
DA:13,27
DA:14,27
DA:15,27
DA:16,27
DA:17,27
DA:18,27
DA:19,27
DA:20,27
DA:21,27
DA:22,23866
DA:23,3462
DA:24,3462
DA:25,8
DA:26,8
DA:27,8
DA:28,8
DA:29,23866
DA:30,15
DA:31,15
DA:32,15
DA:33,15
DA:34,15
DA:35,23866
DA:36,27
DA:37,27
DA:38,27
DA:39,3116
DA:40,2633
DA:41,3116
DA:42,27
LF:42
LH:42
BRDA:11,0,0,27
BRDA:12,1,0,4
BRDA:12,2,0,23
BRDA:13,3,0,4
BRDA:13,4,0,23
BRDA:14,5,0,4
BRDA:14,6,0,23
BRDA:17,7,0,27
BRDA:18,8,0,2348
BRDA:19,9,0,768
BRDA:21,10,0,23866
BRDA:22,11,0,3462
BRDA:24,12,0,8
BRDA:29,13,0,20404
BRDA:29,14,0,15
BRDA:38,15,0,3116
BRDA:39,16,0,483
BRDA:39,17,0,2633
BRF:18
BRH:18
end_of_record
TN:
SF:src/systems/parallaxSystem.ts
FN:10,createParallaxSystem
FN:16,validate
FN:19,sanitize
FN:26,persist
FN:39,window.parallaxSetLayers
FN:42,window.parallaxAddLayer
FN:45,window.parallaxRemoveLayer
FN:48,window.parallaxUpdateLayer
FN:54,window.parallaxListLayers
FN:55,window.parallaxSerializeLayers
FN:83,update
FNF:11
FNH:10
FNDA:4,createParallaxSystem
FNDA:3,validate
FNDA:3,sanitize
FNDA:4,persist
FNDA:0,window.parallaxSetLayers
FNDA:1,window.parallaxAddLayer
FNDA:1,window.parallaxRemoveLayer
FNDA:1,window.parallaxUpdateLayer
FNDA:1,window.parallaxListLayers
FNDA:1,window.parallaxSerializeLayers
FNDA:363,update
DA:1,1
DA:2,1
DA:3,1
DA:4,1
DA:5,1
DA:6,1
DA:7,1
DA:8,1
DA:9,1
DA:10,1
DA:11,4
DA:12,2
DA:13,2
DA:14,2
DA:15,4
DA:16,2
DA:17,3
DA:18,3
DA:19,2
DA:20,3
DA:21,3
DA:22,3
DA:23,3
DA:24,3
DA:25,3
DA:26,2
DA:27,4
DA:28,4
DA:29,4
DA:30,4
DA:31,4
DA:32,4
DA:33,4
DA:34,4
DA:35,4
DA:36,4
DA:37,4
DA:38,4
DA:39,2
DA:40,0
DA:41,0
DA:42,2
DA:43,1
DA:44,1
DA:45,2
DA:46,1
DA:47,1
DA:48,2
DA:49,1
DA:50,1
DA:51,1
DA:52,0
DA:53,1
DA:54,2
DA:55,2
DA:56,2
DA:57,2
DA:58,2
DA:59,2
DA:60,2
DA:61,2
DA:62,1
DA:63,1
DA:64,1
DA:65,1
DA:66,1
DA:67,1
DA:68,1
DA:69,1
DA:70,1
DA:71,0
DA:72,0
DA:73,0
DA:74,1
DA:75,2
DA:76,0
DA:77,0
DA:78,2
DA:79,4
DA:80,4
DA:81,4
DA:82,4
DA:83,4
DA:84,363
DA:85,363
DA:86,4
DA:87,4
LF:87
LH:79
BRDA:10,0,0,4
BRDA:11,1,0,2
BRDA:11,2,0,2
BRDA:11,3,0,2
BRDA:15,4,0,2
BRDA:61,5,0,1
BRDA:70,6,0,0
BRDA:75,7,0,0
BRDA:80,8,0,0
BRDA:16,9,0,3
BRDA:19,10,0,3
BRDA:21,11,0,0
BRDA:22,12,0,0
BRDA:23,13,0,2
BRDA:23,14,0,2
BRDA:23,15,0,1
BRDA:24,16,0,2
BRDA:24,17,0,2
BRDA:24,18,0,1
BRDA:26,19,0,4
BRDA:37,20,0,0
BRDA:42,21,0,1
BRDA:43,22,0,0
BRDA:45,23,0,1
BRDA:46,24,0,0
BRDA:48,25,0,1
BRDA:49,26,0,0
BRDA:51,27,0,0
BRDA:54,28,0,1
BRDA:54,29,0,1
BRDA:55,30,0,1
BRDA:83,31,0,363
BRDA:84,32,0,724
BRF:33
BRH:23
end_of_record
TN:
SF:src/systems/playerSystem.ts
FN:7,createPlayerSystem
FN:10,init
FN:13,update
FNF:3
FNH:3
FNDA:43,createPlayerSystem
FNDA:42,init
FNDA:28247,update
DA:1,1
DA:2,1
DA:3,1
DA:4,1
DA:5,1
DA:6,1
DA:7,1
DA:8,43
DA:9,43
DA:10,43
DA:11,42
DA:12,42
DA:13,43
DA:14,28247
DA:15,28247
DA:16,43
DA:17,43
LF:17
LH:17
BRDA:7,0,0,43
BRDA:10,1,0,42
BRDA:13,2,0,28247
BRF:3
BRH:3
end_of_record
TN:
SF:src/systems/randomCounterSystem.ts
FN:14,createRandomCounterSystem
FN:18,update
FN:24,getValues
FN:25,reset
FNF:4
FNH:3
FNDA:9,createRandomCounterSystem
FNDA:306,update
FNDA:8,getValues
FNDA:0,reset
DA:1,1
DA:2,1
DA:3,1
DA:4,1
DA:5,1
DA:6,1
DA:7,1
DA:8,1
DA:9,1
DA:10,1
DA:11,1
DA:12,1
DA:13,1
DA:14,1
DA:15,9
DA:16,9
DA:17,9
DA:18,9
DA:19,306
DA:20,306
DA:21,9
DA:22,9
DA:23,9
DA:24,9
DA:25,9
DA:26,9
DA:27,9
LF:27
LH:27
BRDA:14,0,0,9
BRDA:18,1,0,306
BRDA:24,2,0,8
BRF:3
BRH:3
end_of_record
TN:
SF:src/systems/renderSystem.ts
FN:6,createRenderSystem
FN:9,init
FN:13,clear
FN:18,translateOrigin
FN:30,restore
FN:33,init
FN:34,update
FNF:7
FNH:7
FNDA:3,createRenderSystem
FNDA:2,init
FNDA:2,clear
FNDA:2,translateOrigin
FNDA:2,restore
FNDA:2,init
FNDA:2,update
DA:1,1
DA:2,1
DA:3,1
DA:4,1
DA:5,1
DA:6,1
DA:7,3
DA:8,3
DA:9,3
DA:10,2
DA:11,2
DA:12,2
DA:13,3
DA:14,2
DA:15,2
DA:16,2
DA:17,2
DA:18,3
DA:19,2
DA:20,2
DA:21,2
DA:22,2
DA:23,2
DA:24,2
DA:25,2
DA:26,2
DA:27,2
DA:28,2
DA:29,2
DA:30,3
DA:31,3
DA:32,3
DA:33,3
DA:34,3
DA:35,2
DA:36,2
DA:37,2
DA:38,2
DA:39,2
DA:40,1
DA:41,1
DA:42,1
DA:43,2
DA:44,4
DA:45,4
DA:46,4
DA:47,4
DA:48,4
DA:49,4
DA:50,4
DA:51,4
DA:52,4
DA:53,56
DA:54,784
DA:55,784
DA:56,784
DA:57,784
DA:58,56
DA:59,4
DA:60,2
DA:61,2
DA:62,2
DA:63,2
DA:64,2
DA:65,2
DA:66,2
DA:67,2
DA:68,2
DA:69,2
DA:70,2
DA:71,3
DA:72,3
LF:72
LH:72
BRDA:6,0,0,3
BRDA:9,1,0,2
BRDA:11,2,0,0
BRDA:13,3,0,2
BRDA:14,4,0,0
BRDA:18,5,0,2
BRDA:19,6,0,0
BRDA:25,7,0,0
BRDA:30,8,0,2
BRDA:33,9,0,2
BRDA:34,10,0,2
BRDA:35,11,0,0
BRDA:39,12,0,1
BRDA:39,13,0,1
BRDA:43,14,0,4
BRDA:46,15,0,2
BRDA:46,16,0,2
BRDA:48,17,0,2
BRDA:48,18,0,2
BRDA:49,19,0,2
BRDA:49,20,0,2
BRDA:52,21,0,56
BRDA:53,22,0,784
BRDA:65,23,0,0
BRDA:68,24,0,0
BRF:25
BRH:18
end_of_record
TN:
SF:src/systems/waveSystem.ts
FN:10,createWaveSystem
FN:13,update
FNF:2
FNH:2
FNDA:41,createWaveSystem
FNDA:28035,update
DA:1,1
DA:2,1
DA:3,1
DA:4,1
DA:5,1
DA:6,1
DA:7,1
DA:8,1
DA:9,1
DA:10,1
DA:11,41
DA:12,41
DA:13,41
DA:14,28035
DA:15,112
DA:16,112
DA:17,112
DA:18,112
DA:19,112
DA:20,112
DA:21,112
DA:22,28035
DA:23,41
DA:24,41
LF:24
LH:24
BRDA:10,0,0,41
BRDA:13,1,0,28035
BRDA:14,2,0,112
BRF:3
BRH:3
end_of_record
TN:
SF:src/testUtils/poolHarness.ts
FN:33,createPooledHarness
FN:39,create
FN:40,reset
FN:45,create
FN:46,reset
FN:58,spawnUntil
FN:63,reclaimAll
FN:74,getEntities
FN:75,getPool
FN:77,profile
FNF:10
FNH:10
FNDA:4,createPooledHarness
FNDA:22,create
FNDA:2,reset
FNDA:2,create
FNDA:2,reset
FNDA:6,spawnUntil
FNDA:2,reclaimAll
FNDA:6,getEntities
FNDA:4,getPool
FNDA:2,profile
DA:1,1
DA:2,1
DA:3,1
DA:4,1
DA:5,1
DA:6,1
DA:7,1
DA:8,1
DA:9,1
DA:10,1
DA:11,1
DA:12,1
DA:13,1
DA:14,1
DA:15,1
DA:16,1
DA:17,1
DA:18,1
DA:19,1
DA:20,1
DA:21,1
DA:22,1
DA:23,1
DA:24,1
DA:25,1
DA:26,1
DA:27,1
DA:28,1
DA:29,1
DA:30,1
DA:31,1
DA:32,1
DA:33,1
DA:34,4
DA:35,4
DA:36,4
DA:37,3
DA:38,3
DA:39,3
DA:40,3
DA:41,3
DA:42,4
DA:43,1
DA:44,1
DA:45,1
DA:46,1
DA:47,1
DA:48,1
DA:49,4
DA:50,4
DA:51,1
DA:52,4
DA:53,4
DA:54,4
DA:55,4
DA:56,4
DA:57,4
DA:58,4
DA:59,6
DA:60,6
DA:61,6
DA:62,4
DA:63,4
DA:64,2
DA:65,1
DA:66,1
DA:67,1
DA:68,1
DA:69,2
DA:70,2
DA:71,2
DA:72,2
DA:73,4
DA:74,4
DA:75,4
DA:76,4
DA:77,4
DA:78,2
DA:79,2
DA:80,2
DA:81,2
DA:82,2
DA:83,30
DA:84,30
DA:85,30
DA:86,30
DA:87,90
DA:88,90
DA:89,90
DA:90,90
DA:91,90
DA:92,30
DA:93,30
DA:94,20
DA:95,20
DA:96,30
DA:97,30
DA:98,2
DA:99,6
DA:100,6
DA:101,6
DA:102,2
DA:103,1
DA:104,1
DA:105,1
DA:106,1
DA:107,2
DA:108,2
DA:109,4
DA:110,4
DA:111,4
LF:111
LH:111
BRDA:33,0,0,4
BRDA:36,1,0,3
BRDA:42,2,0,1
BRDA:50,3,0,3
BRDA:50,4,0,1
BRDA:54,5,0,2
BRDA:54,6,0,2
BRDA:39,7,0,22
BRDA:40,8,0,2
BRDA:45,9,0,2
BRDA:46,10,0,2
BRDA:58,11,0,6
BRDA:59,12,0,4
BRDA:59,13,0,2
BRDA:60,14,0,385
BRDA:63,15,0,2
BRDA:64,16,0,1
BRDA:65,17,0,2
BRDA:67,18,0,2
BRDA:74,19,0,6
BRDA:74,20,0,3
BRDA:74,21,0,3
BRDA:75,22,0,4
BRDA:75,23,0,2
BRDA:75,24,0,2
BRDA:77,25,0,2
BRDA:80,26,0,1
BRDA:80,27,0,1
BRDA:80,28,0,1
BRDA:80,29,0,1
BRDA:80,30,0,1
BRDA:82,31,0,30
BRDA:86,32,0,90
BRDA:87,33,0,6
BRDA:89,34,0,38
BRDA:90,35,0,8
BRDA:93,36,0,20
BRDA:93,37,0,20
BRDA:93,38,0,20
BRDA:93,39,0,20
BRDA:98,40,0,6
BRDA:100,41,0,0
BRDA:102,42,0,1
BRDA:102,43,0,1
BRF:44
BRH:43
end_of_record
